{"C:\\Users\\Zhafran\\Documents\\WEBSITE ZHAFRAN\\Portofolio_V5\\src\\App.jsx": {"path":"C:\\Users\\Zhafran\\Documents\\WEBSITE ZHAFRAN\\Portofolio_V5\\src\\App.jsx","statementMap":{"0":{"start":{"line":11,"column":27},"end":{"line":11,"column":72}},"1":{"start":{"line":11,"column":38},"end":{"line":11,"column":71}},"2":{"start":{"line":12,"column":14},"end":{"line":12,"column":49}},"3":{"start":{"line":12,"column":25},"end":{"line":12,"column":48}},"4":{"start":{"line":13,"column":19},"end":{"line":13,"column":59}},"5":{"start":{"line":13,"column":30},"end":{"line":13,"column":58}},"6":{"start":{"line":14,"column":16},"end":{"line":14,"column":53}},"7":{"start":{"line":14,"column":27},"end":{"line":14,"column":52}},"8":{"start":{"line":15,"column":20},"end":{"line":15,"column":57}},"9":{"start":{"line":15,"column":31},"end":{"line":15,"column":56}},"10":{"start":{"line":16,"column":23},"end":{"line":16,"column":71}},"11":{"start":{"line":16,"column":34},"end":{"line":16,"column":70}},"12":{"start":{"line":17,"column":22},"end":{"line":17,"column":65}},"13":{"start":{"line":17,"column":33},"end":{"line":17,"column":64}},"14":{"start":{"line":18,"column":19},"end":{"line":18,"column":59}},"15":{"start":{"line":18,"column":30},"end":{"line":18,"column":58}},"16":{"start":{"line":23,"column":21},"end":{"line":23,"column":54}},"17":{"start":{"line":23,"column":32},"end":{"line":23,"column":53}},"18":{"start":{"line":28,"column":29},"end":{"line":28,"column":34}},"19":{"start":{"line":32,"column":2},"end":{"line":37,"column":12}},"20":{"start":{"line":33,"column":4},"end":{"line":36,"column":5}},"21":{"start":{"line":34,"column":6},"end":{"line":34,"column":53}},"22":{"start":{"line":35,"column":6},"end":{"line":35,"column":19}},"23":{"start":{"line":38,"column":2},"end":{"line":38,"column":33}},"24":{"start":{"line":41,"column":20},"end":{"line":170,"column":1}},"25":{"start":{"line":43,"column":2},"end":{"line":51,"column":9}},"26":{"start":{"line":44,"column":4},"end":{"line":49,"column":14}},"27":{"start":{"line":45,"column":6},"end":{"line":48,"column":7}},"28":{"start":{"line":46,"column":8},"end":{"line":46,"column":55}},"29":{"start":{"line":47,"column":8},"end":{"line":47,"column":47}},"30":{"start":{"line":47,"column":25},"end":{"line":47,"column":47}},"31":{"start":{"line":53,"column":2},"end":{"line":60,"column":36}},"32":{"start":{"line":54,"column":4},"end":{"line":54,"column":29}},"33":{"start":{"line":54,"column":22},"end":{"line":54,"column":29}},"34":{"start":{"line":55,"column":15},"end":{"line":58,"column":12}},"35":{"start":{"line":56,"column":6},"end":{"line":56,"column":45}},"36":{"start":{"line":56,"column":12},"end":{"line":56,"column":34}},"37":{"start":{"line":57,"column":6},"end":{"line":57,"column":36}},"38":{"start":{"line":59,"column":4},"end":{"line":59,"column":34}},"39":{"start":{"line":59,"column":17},"end":{"line":59,"column":33}},"40":{"start":{"line":61,"column":2},"end":{"line":169,"column":4}},"41":{"start":{"line":67,"column":14},"end":{"line":67,"column":36}},"42":{"start":{"line":68,"column":14},"end":{"line":68,"column":44}},"43":{"start":{"line":69,"column":14},"end":{"line":82,"column":24}},"44":{"start":{"line":72,"column":16},"end":{"line":81,"column":22}},"45":{"start":{"line":73,"column":18},"end":{"line":80,"column":28}},"46":{"start":{"line":74,"column":34},"end":{"line":74,"column":126}},"47":{"start":{"line":74,"column":41},"end":{"line":74,"column":122}},"48":{"start":{"line":74,"column":47},"end":{"line":74,"column":96}},"49":{"start":{"line":74,"column":107},"end":{"line":74,"column":120}},"50":{"start":{"line":75,"column":20},"end":{"line":75,"column":39}},"51":{"start":{"line":75,"column":32},"end":{"line":75,"column":39}},"52":{"start":{"line":76,"column":31},"end":{"line":76,"column":56}},"53":{"start":{"line":77,"column":37},"end":{"line":77,"column":92}},"54":{"start":{"line":78,"column":20},"end":{"line":78,"column":90}},"55":{"start":{"line":78,"column":63},"end":{"line":78,"column":90}},"56":{"start":{"line":79,"column":20},"end":{"line":79,"column":73}},"57":{"start":{"line":79,"column":48},"end":{"line":79,"column":73}},"58":{"start":{"line":172,"column":26},"end":{"line":203,"column":1}},"59":{"start":{"line":173,"column":2},"end":{"line":202,"column":5}},"60":{"start":{"line":206,"column":40},"end":{"line":206,"column":75}},"61":{"start":{"line":206,"column":55},"end":{"line":206,"column":74}},"62":{"start":{"line":208,"column":2},"end":{"line":226,"column":4}},"63":{"start":{"line":232,"column":2},"end":{"line":242,"column":8}},"64":{"start":{"line":233,"column":18},"end":{"line":235,"column":5}},"65":{"start":{"line":234,"column":6},"end":{"line":234,"column":56}},"66":{"start":{"line":236,"column":19},"end":{"line":238,"column":31}},"67":{"start":{"line":239,"column":4},"end":{"line":241,"column":6}},"68":{"start":{"line":240,"column":6},"end":{"line":240,"column":112}},"69":{"start":{"line":240,"column":42},"end":{"line":240,"column":85}},"70":{"start":{"line":240,"column":48},"end":{"line":240,"column":74}},"71":{"start":{"line":240,"column":91},"end":{"line":240,"column":112}},"72":{"start":{"line":243,"column":2},"end":{"line":243,"column":14}}},"fnMap":{"0":{"name":"(anonymous_0)","decl":{"start":{"line":11,"column":32},"end":{"line":11,"column":33}},"loc":{"start":{"line":11,"column":38},"end":{"line":11,"column":71}},"line":11},"1":{"name":"(anonymous_1)","decl":{"start":{"line":12,"column":19},"end":{"line":12,"column":20}},"loc":{"start":{"line":12,"column":25},"end":{"line":12,"column":48}},"line":12},"2":{"name":"(anonymous_2)","decl":{"start":{"line":13,"column":24},"end":{"line":13,"column":25}},"loc":{"start":{"line":13,"column":30},"end":{"line":13,"column":58}},"line":13},"3":{"name":"(anonymous_3)","decl":{"start":{"line":14,"column":21},"end":{"line":14,"column":22}},"loc":{"start":{"line":14,"column":27},"end":{"line":14,"column":52}},"line":14},"4":{"name":"(anonymous_4)","decl":{"start":{"line":15,"column":25},"end":{"line":15,"column":26}},"loc":{"start":{"line":15,"column":31},"end":{"line":15,"column":56}},"line":15},"5":{"name":"(anonymous_5)","decl":{"start":{"line":16,"column":28},"end":{"line":16,"column":29}},"loc":{"start":{"line":16,"column":34},"end":{"line":16,"column":70}},"line":16},"6":{"name":"(anonymous_6)","decl":{"start":{"line":17,"column":27},"end":{"line":17,"column":28}},"loc":{"start":{"line":17,"column":33},"end":{"line":17,"column":64}},"line":17},"7":{"name":"(anonymous_7)","decl":{"start":{"line":18,"column":24},"end":{"line":18,"column":25}},"loc":{"start":{"line":18,"column":30},"end":{"line":18,"column":58}},"line":18},"8":{"name":"(anonymous_8)","decl":{"start":{"line":23,"column":26},"end":{"line":23,"column":27}},"loc":{"start":{"line":23,"column":32},"end":{"line":23,"column":53}},"line":23},"9":{"name":"shouldShowWelcome","decl":{"start":{"line":31,"column":9},"end":{"line":31,"column":26}},"loc":{"start":{"line":31,"column":29},"end":{"line":39,"column":1}},"line":31},"10":{"name":"(anonymous_10)","decl":{"start":{"line":41,"column":20},"end":{"line":41,"column":21}},"loc":{"start":{"line":41,"column":57},"end":{"line":170,"column":1}},"line":41},"11":{"name":"(anonymous_11)","decl":{"start":{"line":43,"column":18},"end":{"line":43,"column":19}},"loc":{"start":{"line":43,"column":24},"end":{"line":51,"column":3}},"line":43},"12":{"name":"(anonymous_12)","decl":{"start":{"line":53,"column":18},"end":{"line":53,"column":19}},"loc":{"start":{"line":53,"column":24},"end":{"line":60,"column":3}},"line":53},"13":{"name":"(anonymous_13)","decl":{"start":{"line":55,"column":26},"end":{"line":55,"column":27}},"loc":{"start":{"line":55,"column":32},"end":{"line":58,"column":5}},"line":55},"14":{"name":"(anonymous_14)","decl":{"start":{"line":59,"column":11},"end":{"line":59,"column":12}},"loc":{"start":{"line":59,"column":17},"end":{"line":59,"column":33}},"line":59},"15":{"name":"(anonymous_15)","decl":{"start":{"line":66,"column":46},"end":{"line":66,"column":47}},"loc":{"start":{"line":66,"column":52},"end":{"line":83,"column":13}},"line":66},"16":{"name":"(anonymous_16)","decl":{"start":{"line":72,"column":27},"end":{"line":72,"column":28}},"loc":{"start":{"line":72,"column":33},"end":{"line":81,"column":17}},"line":72},"17":{"name":"(anonymous_17)","decl":{"start":{"line":74,"column":35},"end":{"line":74,"column":36}},"loc":{"start":{"line":74,"column":39},"end":{"line":74,"column":123}},"line":74},"18":{"name":"(anonymous_18)","decl":{"start":{"line":172,"column":26},"end":{"line":172,"column":27}},"loc":{"start":{"line":173,"column":2},"end":{"line":202,"column":5}},"line":173},"19":{"name":"App","decl":{"start":{"line":205,"column":9},"end":{"line":205,"column":12}},"loc":{"start":{"line":205,"column":15},"end":{"line":227,"column":1}},"line":205},"20":{"name":"(anonymous_20)","decl":{"start":{"line":206,"column":49},"end":{"line":206,"column":50}},"loc":{"start":{"line":206,"column":55},"end":{"line":206,"column":74}},"line":206},"21":{"name":"IdlePreloader","decl":{"start":{"line":231,"column":9},"end":{"line":231,"column":22}},"loc":{"start":{"line":231,"column":24},"end":{"line":244,"column":1}},"line":231},"22":{"name":"(anonymous_22)","decl":{"start":{"line":232,"column":18},"end":{"line":232,"column":19}},"loc":{"start":{"line":232,"column":22},"end":{"line":242,"column":3}},"line":232},"23":{"name":"(anonymous_23)","decl":{"start":{"line":233,"column":18},"end":{"line":233,"column":19}},"loc":{"start":{"line":233,"column":22},"end":{"line":235,"column":5}},"line":233},"24":{"name":"(anonymous_24)","decl":{"start":{"line":234,"column":48},"end":{"line":234,"column":49}},"loc":{"start":{"line":234,"column":52},"end":{"line":234,"column":54}},"line":234},"25":{"name":"(anonymous_25)","decl":{"start":{"line":239,"column":11},"end":{"line":239,"column":12}},"loc":{"start":{"line":239,"column":17},"end":{"line":241,"column":5}},"line":239}},"branchMap":{"0":{"loc":{"start":{"line":33,"column":4},"end":{"line":36,"column":5}},"type":"if","locations":[{"start":{"line":33,"column":4},"end":{"line":36,"column":5}},{"start":{},"end":{}}],"line":33},"1":{"loc":{"start":{"line":45,"column":6},"end":{"line":48,"column":7}},"type":"if","locations":[{"start":{"line":45,"column":6},"end":{"line":48,"column":7}},{"start":{},"end":{}}],"line":45},"2":{"loc":{"start":{"line":47,"column":8},"end":{"line":47,"column":47}},"type":"if","locations":[{"start":{"line":47,"column":8},"end":{"line":47,"column":47}},{"start":{},"end":{}}],"line":47},"3":{"loc":{"start":{"line":54,"column":4},"end":{"line":54,"column":29}},"type":"if","locations":[{"start":{"line":54,"column":4},"end":{"line":54,"column":29}},{"start":{},"end":{}}],"line":54},"4":{"loc":{"start":{"line":64,"column":9},"end":{"line":85,"column":9}},"type":"binary-expr","locations":[{"start":{"line":64,"column":9},"end":{"line":64,"column":20}},{"start":{"line":65,"column":10},"end":{"line":84,"column":21}}],"line":64},"5":{"loc":{"start":{"line":75,"column":20},"end":{"line":75,"column":39}},"type":"if","locations":[{"start":{"line":75,"column":20},"end":{"line":75,"column":39}},{"start":{},"end":{}}],"line":75},"6":{"loc":{"start":{"line":76,"column":31},"end":{"line":76,"column":56}},"type":"binary-expr","locations":[{"start":{"line":76,"column":31},"end":{"line":76,"column":50}},{"start":{"line":76,"column":54},"end":{"line":76,"column":56}}],"line":76},"7":{"loc":{"start":{"line":78,"column":20},"end":{"line":78,"column":90}},"type":"if","locations":[{"start":{"line":78,"column":20},"end":{"line":78,"column":90}},{"start":{},"end":{}}],"line":78},"8":{"loc":{"start":{"line":78,"column":24},"end":{"line":78,"column":61}},"type":"binary-expr","locations":[{"start":{"line":78,"column":24},"end":{"line":78,"column":33}},{"start":{"line":78,"column":37},"end":{"line":78,"column":61}}],"line":78},"9":{"loc":{"start":{"line":79,"column":20},"end":{"line":79,"column":73}},"type":"if","locations":[{"start":{"line":79,"column":20},"end":{"line":79,"column":73}},{"start":{},"end":{}}],"line":79},"10":{"loc":{"start":{"line":88,"column":7},"end":{"line":167,"column":7}},"type":"binary-expr","locations":[{"start":{"line":88,"column":7},"end":{"line":88,"column":19}},{"start":{"line":89,"column":8},"end":{"line":166,"column":14}}],"line":88},"11":{"loc":{"start":{"line":236,"column":19},"end":{"line":238,"column":31}},"type":"cond-expr","locations":[{"start":{"line":237,"column":8},"end":{"line":237,"column":53}},{"start":{"line":238,"column":8},"end":{"line":238,"column":31}}],"line":236},"12":{"loc":{"start":{"line":240,"column":6},"end":{"line":240,"column":112}},"type":"if","locations":[{"start":{"line":240,"column":6},"end":{"line":240,"column":112}},{"start":{"line":240,"column":91},"end":{"line":240,"column":112}}],"line":240}},"s":{"0":0,"1":0,"2":0,"3":0,"4":0,"5":0,"6":0,"7":0,"8":0,"9":0,"10":0,"11":0,"12":0,"13":0,"14":0,"15":0,"16":0,"17":0,"18":0,"19":0,"20":0,"21":0,"22":0,"23":0,"24":0,"25":0,"26":0,"27":0,"28":0,"29":0,"30":0,"31":0,"32":0,"33":0,"34":0,"35":0,"36":0,"37":0,"38":0,"39":0,"40":0,"41":0,"42":0,"43":0,"44":0,"45":0,"46":0,"47":0,"48":0,"49":0,"50":0,"51":0,"52":0,"53":0,"54":0,"55":0,"56":0,"57":0,"58":0,"59":0,"60":0,"61":0,"62":0,"63":0,"64":0,"65":0,"66":0,"67":0,"68":0,"69":0,"70":0,"71":0,"72":0},"f":{"0":0,"1":0,"2":0,"3":0,"4":0,"5":0,"6":0,"7":0,"8":0,"9":0,"10":0,"11":0,"12":0,"13":0,"14":0,"15":0,"16":0,"17":0,"18":0,"19":0,"20":0,"21":0,"22":0,"23":0,"24":0,"25":0},"b":{"0":[0,0],"1":[0,0],"2":[0,0],"3":[0,0],"4":[0,0],"5":[0,0],"6":[0,0],"7":[0,0],"8":[0,0],"9":[0,0],"10":[0,0],"11":[0,0],"12":[0,0]}}
,"C:\\Users\\Zhafran\\Documents\\WEBSITE ZHAFRAN\\Portofolio_V5\\src\\supabase.js": {"path":"C:\\Users\\Zhafran\\Documents\\WEBSITE ZHAFRAN\\Portofolio_V5\\src\\supabase.js","statementMap":{"0":{"start":{"line":4,"column":20},"end":{"line":4,"column":53}},"1":{"start":{"line":5,"column":20},"end":{"line":5,"column":58}},"2":{"start":{"line":7,"column":0},"end":{"line":11,"column":1}},"3":{"start":{"line":8,"column":2},"end":{"line":8,"column":46}},"4":{"start":{"line":9,"column":2},"end":{"line":9,"column":51}},"5":{"start":{"line":10,"column":2},"end":{"line":10,"column":156}},"6":{"start":{"line":13,"column":24},"end":{"line":13,"column":62}}},"fnMap":{},"branchMap":{"0":{"loc":{"start":{"line":7,"column":0},"end":{"line":11,"column":1}},"type":"if","locations":[{"start":{"line":7,"column":0},"end":{"line":11,"column":1}},{"start":{},"end":{}}],"line":7},"1":{"loc":{"start":{"line":7,"column":4},"end":{"line":7,"column":32}},"type":"binary-expr","locations":[{"start":{"line":7,"column":4},"end":{"line":7,"column":16}},{"start":{"line":7,"column":20},"end":{"line":7,"column":32}}],"line":7}},"s":{"0":0,"1":0,"2":0,"3":0,"4":0,"5":0,"6":0},"f":{},"b":{"0":[0,0],"1":[0,0]}}
,"C:\\Users\\Zhafran\\Documents\\WEBSITE ZHAFRAN\\Portofolio_V5\\src\\Pages\\404.jsx": {"path":"C:\\Users\\Zhafran\\Documents\\WEBSITE ZHAFRAN\\Portofolio_V5\\src\\Pages\\404.jsx","statementMap":{"0":{"start":{"line":7,"column":16},"end":{"line":7,"column":25}},"1":{"start":{"line":8,"column":23},"end":{"line":10,"column":3}},"2":{"start":{"line":9,"column":4},"end":{"line":9,"column":26}},"3":{"start":{"line":12,"column":23},"end":{"line":15,"column":3}},"4":{"start":{"line":14,"column":4},"end":{"line":14,"column":31}},"5":{"start":{"line":17,"column":2},"end":{"line":68,"column":4}}},"fnMap":{"0":{"name":"NotFoundPage","decl":{"start":{"line":6,"column":24},"end":{"line":6,"column":36}},"loc":{"start":{"line":6,"column":39},"end":{"line":69,"column":1}},"line":6},"1":{"name":"(anonymous_1)","decl":{"start":{"line":8,"column":23},"end":{"line":8,"column":24}},"loc":{"start":{"line":8,"column":29},"end":{"line":10,"column":3}},"line":8},"2":{"name":"(anonymous_2)","decl":{"start":{"line":12,"column":23},"end":{"line":12,"column":24}},"loc":{"start":{"line":12,"column":29},"end":{"line":15,"column":3}},"line":12}},"branchMap":{},"s":{"0":0,"1":0,"2":0,"3":0,"4":0,"5":0},"f":{"0":0,"1":0,"2":0},"b":{}}
,"C:\\Users\\Zhafran\\Documents\\WEBSITE ZHAFRAN\\Portofolio_V5\\src\\Pages\\About.jsx": {"path":"C:\\Users\\Zhafran\\Documents\\WEBSITE ZHAFRAN\\Portofolio_V5\\src\\Pages\\About.jsx","statementMap":{"0":{"start":{"line":9,"column":15},"end":{"line":30,"column":2}},"1":{"start":{"line":10,"column":2},"end":{"line":29,"column":8}},"2":{"start":{"line":32,"column":21},"end":{"line":77,"column":2}},"3":{"start":{"line":33,"column":2},"end":{"line":76,"column":8}},"4":{"start":{"line":79,"column":17},"end":{"line":121,"column":2}},"5":{"start":{"line":80,"column":2},"end":{"line":120,"column":8}},"6":{"start":{"line":123,"column":18},"end":{"line":301,"column":1}},"7":{"start":{"line":125,"column":63},"end":{"line":129,"column":9}},"8":{"start":{"line":125,"column":78},"end":{"line":129,"column":3}},"9":{"start":{"line":132,"column":2},"end":{"line":155,"column":9}},"10":{"start":{"line":133,"column":20},"end":{"line":139,"column":5}},"11":{"start":{"line":134,"column":6},"end":{"line":138,"column":9}},"12":{"start":{"line":141,"column":4},"end":{"line":141,"column":14}},"13":{"start":{"line":145,"column":25},"end":{"line":148,"column":5}},"14":{"start":{"line":146,"column":6},"end":{"line":146,"column":32}},"15":{"start":{"line":147,"column":6},"end":{"line":147,"column":45}},"16":{"start":{"line":150,"column":4},"end":{"line":150,"column":52}},"17":{"start":{"line":151,"column":4},"end":{"line":154,"column":6}},"18":{"start":{"line":152,"column":6},"end":{"line":152,"column":57}},"19":{"start":{"line":153,"column":6},"end":{"line":153,"column":32}},"20":{"start":{"line":158,"column":16},"end":{"line":158,"column":25}},"21":{"start":{"line":159,"column":20},"end":{"line":184,"column":56}},"22":{"start":{"line":159,"column":34},"end":{"line":184,"column":3}},"23":{"start":{"line":186,"column":2},"end":{"line":300,"column":4}},"24":{"start":{"line":275,"column":14},"end":{"line":275,"column":53}}},"fnMap":{"0":{"name":"(anonymous_0)","decl":{"start":{"line":9,"column":20},"end":{"line":9,"column":21}},"loc":{"start":{"line":10,"column":2},"end":{"line":29,"column":8}},"line":10},"1":{"name":"(anonymous_1)","decl":{"start":{"line":32,"column":26},"end":{"line":32,"column":27}},"loc":{"start":{"line":33,"column":2},"end":{"line":76,"column":8}},"line":33},"2":{"name":"(anonymous_2)","decl":{"start":{"line":79,"column":22},"end":{"line":79,"column":23}},"loc":{"start":{"line":80,"column":2},"end":{"line":120,"column":8}},"line":80},"3":{"name":"(anonymous_3)","decl":{"start":{"line":123,"column":18},"end":{"line":123,"column":19}},"loc":{"start":{"line":123,"column":24},"end":{"line":301,"column":1}},"line":123},"4":{"name":"(anonymous_4)","decl":{"start":{"line":125,"column":71},"end":{"line":125,"column":72}},"loc":{"start":{"line":125,"column":78},"end":{"line":129,"column":3}},"line":125},"5":{"name":"(anonymous_5)","decl":{"start":{"line":132,"column":12},"end":{"line":132,"column":13}},"loc":{"start":{"line":132,"column":18},"end":{"line":155,"column":3}},"line":132},"6":{"name":"(anonymous_6)","decl":{"start":{"line":133,"column":20},"end":{"line":133,"column":21}},"loc":{"start":{"line":133,"column":26},"end":{"line":139,"column":5}},"line":133},"7":{"name":"(anonymous_7)","decl":{"start":{"line":145,"column":25},"end":{"line":145,"column":26}},"loc":{"start":{"line":145,"column":31},"end":{"line":148,"column":5}},"line":145},"8":{"name":"(anonymous_8)","decl":{"start":{"line":151,"column":11},"end":{"line":151,"column":12}},"loc":{"start":{"line":151,"column":17},"end":{"line":154,"column":5}},"line":151},"9":{"name":"(anonymous_9)","decl":{"start":{"line":159,"column":28},"end":{"line":159,"column":29}},"loc":{"start":{"line":159,"column":34},"end":{"line":184,"column":3}},"line":159},"10":{"name":"(anonymous_10)","decl":{"start":{"line":274,"column":27},"end":{"line":274,"column":28}},"loc":{"start":{"line":275,"column":14},"end":{"line":275,"column":53}},"line":275}},"branchMap":{},"s":{"0":0,"1":0,"2":0,"3":0,"4":0,"5":0,"6":0,"7":0,"8":0,"9":0,"10":0,"11":0,"12":0,"13":0,"14":0,"15":0,"16":0,"17":0,"18":0,"19":0,"20":0,"21":0,"22":0,"23":0,"24":0},"f":{"0":0,"1":0,"2":0,"3":0,"4":0,"5":0,"6":0,"7":0,"8":0,"9":0,"10":0},"b":{}}
,"C:\\Users\\Zhafran\\Documents\\WEBSITE ZHAFRAN\\Portofolio_V5\\src\\Pages\\ComingSoon.jsx": {"path":"C:\\Users\\Zhafran\\Documents\\WEBSITE ZHAFRAN\\Portofolio_V5\\src\\Pages\\ComingSoon.jsx","statementMap":{"0":{"start":{"line":8,"column":19},"end":{"line":8,"column":32}},"1":{"start":{"line":9,"column":16},"end":{"line":9,"column":25}},"2":{"start":{"line":10,"column":23},"end":{"line":12,"column":3}},"3":{"start":{"line":11,"column":4},"end":{"line":11,"column":17}},"4":{"start":{"line":14,"column":23},"end":{"line":17,"column":3}},"5":{"start":{"line":15,"column":2},"end":{"line":15,"column":68}},"6":{"start":{"line":15,"column":8},"end":{"line":15,"column":57}},"7":{"start":{"line":16,"column":2},"end":{"line":16,"column":16}},"8":{"start":{"line":19,"column":2},"end":{"line":57,"column":4}}},"fnMap":{"0":{"name":"ComingSoon","decl":{"start":{"line":7,"column":24},"end":{"line":7,"column":34}},"loc":{"start":{"line":7,"column":37},"end":{"line":58,"column":1}},"line":7},"1":{"name":"(anonymous_1)","decl":{"start":{"line":10,"column":23},"end":{"line":10,"column":24}},"loc":{"start":{"line":10,"column":29},"end":{"line":12,"column":3}},"line":10},"2":{"name":"(anonymous_2)","decl":{"start":{"line":14,"column":23},"end":{"line":14,"column":24}},"loc":{"start":{"line":14,"column":29},"end":{"line":17,"column":3}},"line":14}},"branchMap":{},"s":{"0":0,"1":0,"2":0,"3":0,"4":0,"5":0,"6":0,"7":0,"8":0},"f":{"0":0,"1":0,"2":0},"b":{}}
,"C:\\Users\\Zhafran\\Documents\\WEBSITE ZHAFRAN\\Portofolio_V5\\src\\Pages\\Contact.jsx": {"path":"C:\\Users\\Zhafran\\Documents\\WEBSITE ZHAFRAN\\Portofolio_V5\\src\\Pages\\Contact.jsx","statementMap":{"0":{"start":{"line":12,"column":20},"end":{"line":230,"column":1}},"1":{"start":{"line":13,"column":16},"end":{"line":13,"column":25}},"2":{"start":{"line":14,"column":19},"end":{"line":14,"column":81}},"3":{"start":{"line":15,"column":34},"end":{"line":19,"column":4}},"4":{"start":{"line":20,"column":42},"end":{"line":20,"column":57}},"5":{"start":{"line":21,"column":2},"end":{"line":29,"column":9}},"6":{"start":{"line":22,"column":4},"end":{"line":28,"column":7}},"7":{"start":{"line":31,"column":23},"end":{"line":37,"column":3}},"8":{"start":{"line":32,"column":28},"end":{"line":32,"column":36}},"9":{"start":{"line":33,"column":4},"end":{"line":36,"column":8}},"10":{"start":{"line":33,"column":27},"end":{"line":36,"column":5}},"11":{"start":{"line":39,"column":23},"end":{"line":112,"column":3}},"12":{"start":{"line":40,"column":4},"end":{"line":40,"column":23}},"13":{"start":{"line":41,"column":4},"end":{"line":41,"column":26}},"14":{"start":{"line":43,"column":4},"end":{"line":50,"column":7}},"15":{"start":{"line":48,"column":8},"end":{"line":48,"column":27}},"16":{"start":{"line":52,"column":4},"end":{"line":111,"column":5}},"17":{"start":{"line":54,"column":28},"end":{"line":54,"column":72}},"18":{"start":{"line":57,"column":25},"end":{"line":57,"column":39}},"19":{"start":{"line":58,"column":6},"end":{"line":58,"column":47}},"20":{"start":{"line":59,"column":6},"end":{"line":59,"column":49}},"21":{"start":{"line":60,"column":6},"end":{"line":60,"column":53}},"22":{"start":{"line":61,"column":6},"end":{"line":61,"column":73}},"23":{"start":{"line":62,"column":6},"end":{"line":62,"column":45}},"24":{"start":{"line":63,"column":6},"end":{"line":63,"column":46}},"25":{"start":{"line":65,"column":6},"end":{"line":67,"column":9}},"26":{"start":{"line":70,"column":6},"end":{"line":77,"column":9}},"27":{"start":{"line":79,"column":6},"end":{"line":83,"column":9}},"28":{"start":{"line":86,"column":6},"end":{"line":108,"column":7}},"29":{"start":{"line":87,"column":8},"end":{"line":94,"column":11}},"30":{"start":{"line":96,"column":8},"end":{"line":100,"column":11}},"31":{"start":{"line":102,"column":8},"end":{"line":107,"column":11}},"32":{"start":{"line":110,"column":6},"end":{"line":110,"column":29}},"33":{"start":{"line":114,"column":2},"end":{"line":229,"column":4}}},"fnMap":{"0":{"name":"(anonymous_0)","decl":{"start":{"line":12,"column":20},"end":{"line":12,"column":21}},"loc":{"start":{"line":12,"column":26},"end":{"line":230,"column":1}},"line":12},"1":{"name":"(anonymous_1)","decl":{"start":{"line":21,"column":12},"end":{"line":21,"column":13}},"loc":{"start":{"line":21,"column":18},"end":{"line":29,"column":3}},"line":21},"2":{"name":"(anonymous_2)","decl":{"start":{"line":31,"column":23},"end":{"line":31,"column":24}},"loc":{"start":{"line":31,"column":30},"end":{"line":37,"column":3}},"line":31},"3":{"name":"(anonymous_3)","decl":{"start":{"line":33,"column":16},"end":{"line":33,"column":17}},"loc":{"start":{"line":33,"column":27},"end":{"line":36,"column":5}},"line":33},"4":{"name":"(anonymous_4)","decl":{"start":{"line":39,"column":23},"end":{"line":39,"column":24}},"loc":{"start":{"line":39,"column":36},"end":{"line":112,"column":3}},"line":39},"5":{"name":"(anonymous_5)","decl":{"start":{"line":47,"column":15},"end":{"line":47,"column":16}},"loc":{"start":{"line":47,"column":21},"end":{"line":49,"column":7}},"line":47}},"branchMap":{"0":{"loc":{"start":{"line":14,"column":19},"end":{"line":14,"column":81}},"type":"cond-expr","locations":[{"start":{"line":14,"column":51},"end":{"line":14,"column":74}},{"start":{"line":14,"column":77},"end":{"line":14,"column":81}}],"line":14},"1":{"loc":{"start":{"line":26,"column":12},"end":{"line":26,"column":33}},"type":"cond-expr","locations":[{"start":{"line":26,"column":23},"end":{"line":26,"column":26}},{"start":{"line":26,"column":29},"end":{"line":26,"column":33}}],"line":26},"2":{"loc":{"start":{"line":86,"column":6},"end":{"line":108,"column":7}},"type":"if","locations":[{"start":{"line":86,"column":6},"end":{"line":108,"column":7}},{"start":{"line":101,"column":13},"end":{"line":108,"column":7}}],"line":86},"3":{"loc":{"start":{"line":86,"column":10},"end":{"line":86,"column":53}},"type":"binary-expr","locations":[{"start":{"line":86,"column":10},"end":{"line":86,"column":23}},{"start":{"line":86,"column":27},"end":{"line":86,"column":53}}],"line":86},"4":{"loc":{"start":{"line":157,"column":26},"end":{"line":157,"column":58}},"type":"cond-expr","locations":[{"start":{"line":157,"column":37},"end":{"line":157,"column":46}},{"start":{"line":157,"column":49},"end":{"line":157,"column":58}}],"line":157},"5":{"loc":{"start":{"line":158,"column":32},"end":{"line":158,"column":60}},"type":"cond-expr","locations":[{"start":{"line":158,"column":43},"end":{"line":158,"column":52}},{"start":{"line":158,"column":55},"end":{"line":158,"column":60}}],"line":158},"6":{"loc":{"start":{"line":174,"column":26},"end":{"line":174,"column":58}},"type":"cond-expr","locations":[{"start":{"line":174,"column":37},"end":{"line":174,"column":46}},{"start":{"line":174,"column":49},"end":{"line":174,"column":58}}],"line":174},"7":{"loc":{"start":{"line":175,"column":32},"end":{"line":175,"column":60}},"type":"cond-expr","locations":[{"start":{"line":175,"column":43},"end":{"line":175,"column":52}},{"start":{"line":175,"column":55},"end":{"line":175,"column":60}}],"line":175},"8":{"loc":{"start":{"line":191,"column":26},"end":{"line":191,"column":58}},"type":"cond-expr","locations":[{"start":{"line":191,"column":37},"end":{"line":191,"column":46}},{"start":{"line":191,"column":49},"end":{"line":191,"column":58}}],"line":191},"9":{"loc":{"start":{"line":192,"column":32},"end":{"line":192,"column":60}},"type":"cond-expr","locations":[{"start":{"line":192,"column":43},"end":{"line":192,"column":52}},{"start":{"line":192,"column":55},"end":{"line":192,"column":60}}],"line":192},"10":{"loc":{"start":{"line":207,"column":26},"end":{"line":207,"column":58}},"type":"cond-expr","locations":[{"start":{"line":207,"column":37},"end":{"line":207,"column":46}},{"start":{"line":207,"column":49},"end":{"line":207,"column":58}}],"line":207},"11":{"loc":{"start":{"line":208,"column":32},"end":{"line":208,"column":60}},"type":"cond-expr","locations":[{"start":{"line":208,"column":43},"end":{"line":208,"column":52}},{"start":{"line":208,"column":55},"end":{"line":208,"column":60}}],"line":208},"12":{"loc":{"start":{"line":214,"column":5},"end":{"line":214,"column":104}},"type":"cond-expr","locations":[{"start":{"line":214,"column":20},"end":{"line":214,"column":62}},{"start":{"line":214,"column":65},"end":{"line":214,"column":104}}],"line":214}},"s":{"0":0,"1":0,"2":0,"3":0,"4":0,"5":0,"6":0,"7":0,"8":0,"9":0,"10":0,"11":0,"12":0,"13":0,"14":0,"15":0,"16":0,"17":0,"18":0,"19":0,"20":0,"21":0,"22":0,"23":0,"24":0,"25":0,"26":0,"27":0,"28":0,"29":0,"30":0,"31":0,"32":0,"33":0},"f":{"0":0,"1":0,"2":0,"3":0,"4":0,"5":0},"b":{"0":[0,0],"1":[0,0],"2":[0,0],"3":[0,0],"4":[0,0],"5":[0,0],"6":[0,0],"7":[0,0],"8":[0,0],"9":[0,0],"10":[0,0],"11":[0,0],"12":[0,0]}}
,"C:\\Users\\Zhafran\\Documents\\WEBSITE ZHAFRAN\\Portofolio_V5\\src\\Pages\\Gallery.jsx": {"path":"C:\\Users\\Zhafran\\Documents\\WEBSITE ZHAFRAN\\Portofolio_V5\\src\\Pages\\Gallery.jsx","statementMap":{"0":{"start":{"line":15,"column":13},"end":{"line":19,"column":1}},"1":{"start":{"line":22,"column":2},"end":{"line":25,"column":4}},"2":{"start":{"line":29,"column":2},"end":{"line":33,"column":4}},"3":{"start":{"line":36,"column":19},"end":{"line":47,"column":1}},"4":{"start":{"line":37,"column":2},"end":{"line":46,"column":3}},"5":{"start":{"line":39,"column":6},"end":{"line":39,"column":29}},"6":{"start":{"line":41,"column":6},"end":{"line":41,"column":28}},"7":{"start":{"line":43,"column":6},"end":{"line":43,"column":29}},"8":{"start":{"line":45,"column":6},"end":{"line":45,"column":28}},"9":{"start":{"line":50,"column":16},"end":{"line":50,"column":26}},"10":{"start":{"line":51,"column":28},"end":{"line":51,"column":39}},"11":{"start":{"line":52,"column":28},"end":{"line":52,"column":40}},"12":{"start":{"line":53,"column":32},"end":{"line":53,"column":46}},"13":{"start":{"line":54,"column":34},"end":{"line":54,"column":48}},"14":{"start":{"line":55,"column":19},"end":{"line":55,"column":81}},"15":{"start":{"line":56,"column":23},"end":{"line":56,"column":39}},"16":{"start":{"line":57,"column":32},"end":{"line":57,"column":47}},"17":{"start":{"line":59,"column":22},"end":{"line":68,"column":3}},"18":{"start":{"line":60,"column":12},"end":{"line":60,"column":15}},"19":{"start":{"line":61,"column":4},"end":{"line":66,"column":14}},"20":{"start":{"line":62,"column":16},"end":{"line":62,"column":98}},"21":{"start":{"line":63,"column":6},"end":{"line":63,"column":22}},"22":{"start":{"line":63,"column":13},"end":{"line":63,"column":22}},"23":{"start":{"line":64,"column":19},"end":{"line":64,"column":96}},"24":{"start":{"line":65,"column":6},"end":{"line":65,"column":34}},"25":{"start":{"line":65,"column":26},"end":{"line":65,"column":34}},"26":{"start":{"line":67,"column":4},"end":{"line":67,"column":13}},"27":{"start":{"line":69,"column":40},"end":{"line":69,"column":63}},"28":{"start":{"line":71,"column":2},"end":{"line":78,"column":9}},"29":{"start":{"line":72,"column":4},"end":{"line":72,"column":55}},"30":{"start":{"line":74,"column":14},"end":{"line":76,"column":11}},"31":{"start":{"line":75,"column":6},"end":{"line":75,"column":41}},"32":{"start":{"line":75,"column":12},"end":{"line":75,"column":30}},"33":{"start":{"line":77,"column":4},"end":{"line":77,"column":33}},"34":{"start":{"line":77,"column":17},"end":{"line":77,"column":32}},"35":{"start":{"line":81,"column":2},"end":{"line":91,"column":17}},"36":{"start":{"line":82,"column":4},"end":{"line":82,"column":26}},"37":{"start":{"line":82,"column":19},"end":{"line":82,"column":26}},"38":{"start":{"line":83,"column":18},"end":{"line":83,"column":71}},"39":{"start":{"line":83,"column":27},"end":{"line":83,"column":69}},"40":{"start":{"line":83,"column":51},"end":{"line":83,"column":69}},"41":{"start":{"line":84,"column":4},"end":{"line":84,"column":48}},"42":{"start":{"line":85,"column":17},"end":{"line":85,"column":45}},"43":{"start":{"line":86,"column":4},"end":{"line":86,"column":44}},"44":{"start":{"line":87,"column":4},"end":{"line":90,"column":6}},"45":{"start":{"line":88,"column":6},"end":{"line":88,"column":53}},"46":{"start":{"line":89,"column":6},"end":{"line":89,"column":42}},"47":{"start":{"line":94,"column":2},"end":{"line":99,"column":21}},"48":{"start":{"line":95,"column":14},"end":{"line":97,"column":10}},"49":{"start":{"line":96,"column":6},"end":{"line":96,"column":37}},"50":{"start":{"line":96,"column":12},"end":{"line":96,"column":26}},"51":{"start":{"line":98,"column":4},"end":{"line":98,"column":33}},"52":{"start":{"line":98,"column":17},"end":{"line":98,"column":32}},"53":{"start":{"line":101,"column":2},"end":{"line":103,"column":16}},"54":{"start":{"line":102,"column":4},"end":{"line":102,"column":35}},"55":{"start":{"line":102,"column":10},"end":{"line":102,"column":24}},"56":{"start":{"line":105,"column":23},"end":{"line":123,"column":8}},"57":{"start":{"line":106,"column":4},"end":{"line":122,"column":5}},"58":{"start":{"line":107,"column":6},"end":{"line":107,"column":23}},"59":{"start":{"line":108,"column":30},"end":{"line":111,"column":50}},"60":{"start":{"line":112,"column":6},"end":{"line":112,"column":29}},"61":{"start":{"line":112,"column":17},"end":{"line":112,"column":29}},"62":{"start":{"line":113,"column":6},"end":{"line":113,"column":27}},"63":{"start":{"line":114,"column":6},"end":{"line":114,"column":73}},"64":{"start":{"line":117,"column":21},"end":{"line":117,"column":59}},"65":{"start":{"line":118,"column":6},"end":{"line":118,"column":47}},"66":{"start":{"line":118,"column":18},"end":{"line":118,"column":47}},"67":{"start":{"line":119,"column":6},"end":{"line":119,"column":60}},"68":{"start":{"line":121,"column":6},"end":{"line":121,"column":24}},"69":{"start":{"line":125,"column":2},"end":{"line":129,"column":21}},"70":{"start":{"line":126,"column":19},"end":{"line":126,"column":57}},"71":{"start":{"line":127,"column":4},"end":{"line":127,"column":45}},"72":{"start":{"line":127,"column":16},"end":{"line":127,"column":45}},"73":{"start":{"line":128,"column":4},"end":{"line":128,"column":19}},"74":{"start":{"line":131,"column":18},"end":{"line":139,"column":13}},"75":{"start":{"line":132,"column":18},"end":{"line":132,"column":55}},"76":{"start":{"line":133,"column":4},"end":{"line":137,"column":5}},"77":{"start":{"line":134,"column":16},"end":{"line":134,"column":41}},"78":{"start":{"line":135,"column":6},"end":{"line":135,"column":35}},"79":{"start":{"line":135,"column":21},"end":{"line":135,"column":35}},"80":{"start":{"line":136,"column":6},"end":{"line":136,"column":24}},"81":{"start":{"line":138,"column":4},"end":{"line":138,"column":17}},"82":{"start":{"line":141,"column":23},"end":{"line":141,"column":59}},"83":{"start":{"line":141,"column":41},"end":{"line":141,"column":59}},"84":{"start":{"line":143,"column":2},"end":{"line":354,"column":4}},"85":{"start":{"line":194,"column":16},"end":{"line":194,"column":142}},"86":{"start":{"line":201,"column":12},"end":{"line":287,"column":23}},"87":{"start":{"line":206,"column":22},"end":{"line":208,"column":28}},"88":{"start":{"line":214,"column":33},"end":{"line":214,"column":53}},"89":{"start":{"line":215,"column":38},"end":{"line":215,"column":82}},"90":{"start":{"line":216,"column":8},"end":{"line":222,"column":21}},"91":{"start":{"line":217,"column":22},"end":{"line":221,"column":24}},"92":{"start":{"line":223,"column":20},"end":{"line":266,"column":23}},"93":{"start":{"line":224,"column":20},"end":{"line":265,"column":26}},"94":{"start":{"line":231,"column":39},"end":{"line":231,"column":83}},"95":{"start":{"line":237,"column":40},"end":{"line":237,"column":66}},"96":{"start":{"line":239,"column":34},"end":{"line":239,"column":37}},"97":{"start":{"line":239,"column":43},"end":{"line":239,"column":46}},"98":{"start":{"line":240,"column":26},"end":{"line":240,"column":69}},"99":{"start":{"line":240,"column":50},"end":{"line":240,"column":58}},"100":{"start":{"line":240,"column":59},"end":{"line":240,"column":67}},"101":{"start":{"line":241,"column":26},"end":{"line":241,"column":68}},"102":{"start":{"line":241,"column":49},"end":{"line":241,"column":57}},"103":{"start":{"line":241,"column":58},"end":{"line":241,"column":66}},"104":{"start":{"line":242,"column":26},"end":{"line":256,"column":28}},"105":{"start":{"line":272,"column":29},"end":{"line":272,"column":49}},"106":{"start":{"line":273,"column":16},"end":{"line":285,"column":25}},"107":{"start":{"line":276,"column":37},"end":{"line":276,"column":58}},"108":{"start":{"line":276,"column":55},"end":{"line":276,"column":57}},"109":{"start":{"line":296,"column":27},"end":{"line":296,"column":44}},"110":{"start":{"line":303,"column":30},"end":{"line":303,"column":49}},"111":{"start":{"line":311,"column":31},"end":{"line":311,"column":48}}},"fnMap":{"0":{"name":"a11yProps","decl":{"start":{"line":21,"column":9},"end":{"line":21,"column":18}},"loc":{"start":{"line":21,"column":26},"end":{"line":26,"column":1}},"line":21},"1":{"name":"TabPanel","decl":{"start":{"line":28,"column":9},"end":{"line":28,"column":17}},"loc":{"start":{"line":28,"column":56},"end":{"line":34,"column":1}},"line":28},"2":{"name":"(anonymous_2)","decl":{"start":{"line":36,"column":19},"end":{"line":36,"column":20}},"loc":{"start":{"line":36,"column":28},"end":{"line":47,"column":1}},"line":36},"3":{"name":"Gallery","decl":{"start":{"line":49,"column":24},"end":{"line":49,"column":31}},"loc":{"start":{"line":49,"column":34},"end":{"line":355,"column":1}},"line":49},"4":{"name":"(anonymous_4)","decl":{"start":{"line":59,"column":22},"end":{"line":59,"column":23}},"loc":{"start":{"line":59,"column":28},"end":{"line":68,"column":3}},"line":59},"5":{"name":"(anonymous_5)","decl":{"start":{"line":71,"column":12},"end":{"line":71,"column":13}},"loc":{"start":{"line":71,"column":18},"end":{"line":78,"column":3}},"line":71},"6":{"name":"(anonymous_6)","decl":{"start":{"line":74,"column":25},"end":{"line":74,"column":26}},"loc":{"start":{"line":74,"column":31},"end":{"line":76,"column":5}},"line":74},"7":{"name":"(anonymous_7)","decl":{"start":{"line":77,"column":11},"end":{"line":77,"column":12}},"loc":{"start":{"line":77,"column":17},"end":{"line":77,"column":32}},"line":77},"8":{"name":"(anonymous_8)","decl":{"start":{"line":81,"column":12},"end":{"line":81,"column":13}},"loc":{"start":{"line":81,"column":18},"end":{"line":91,"column":3}},"line":81},"9":{"name":"(anonymous_9)","decl":{"start":{"line":83,"column":18},"end":{"line":83,"column":19}},"loc":{"start":{"line":83,"column":25},"end":{"line":83,"column":71}},"line":83},"10":{"name":"(anonymous_10)","decl":{"start":{"line":87,"column":11},"end":{"line":87,"column":12}},"loc":{"start":{"line":87,"column":17},"end":{"line":90,"column":5}},"line":87},"11":{"name":"(anonymous_11)","decl":{"start":{"line":94,"column":12},"end":{"line":94,"column":13}},"loc":{"start":{"line":94,"column":18},"end":{"line":99,"column":3}},"line":94},"12":{"name":"(anonymous_12)","decl":{"start":{"line":95,"column":25},"end":{"line":95,"column":26}},"loc":{"start":{"line":95,"column":31},"end":{"line":97,"column":5}},"line":95},"13":{"name":"(anonymous_13)","decl":{"start":{"line":98,"column":11},"end":{"line":98,"column":12}},"loc":{"start":{"line":98,"column":17},"end":{"line":98,"column":32}},"line":98},"14":{"name":"(anonymous_14)","decl":{"start":{"line":101,"column":12},"end":{"line":101,"column":13}},"loc":{"start":{"line":101,"column":18},"end":{"line":103,"column":3}},"line":101},"15":{"name":"(anonymous_15)","decl":{"start":{"line":105,"column":35},"end":{"line":105,"column":36}},"loc":{"start":{"line":105,"column":47},"end":{"line":123,"column":3}},"line":105},"16":{"name":"(anonymous_16)","decl":{"start":{"line":125,"column":12},"end":{"line":125,"column":13}},"loc":{"start":{"line":125,"column":18},"end":{"line":129,"column":3}},"line":125},"17":{"name":"(anonymous_17)","decl":{"start":{"line":131,"column":26},"end":{"line":131,"column":27}},"loc":{"start":{"line":131,"column":32},"end":{"line":139,"column":3}},"line":131},"18":{"name":"(anonymous_18)","decl":{"start":{"line":141,"column":23},"end":{"line":141,"column":24}},"loc":{"start":{"line":141,"column":41},"end":{"line":141,"column":59}},"line":141},"19":{"name":"(anonymous_19)","decl":{"start":{"line":193,"column":24},"end":{"line":193,"column":25}},"loc":{"start":{"line":194,"column":16},"end":{"line":194,"column":142}},"line":194},"20":{"name":"(anonymous_20)","decl":{"start":{"line":200,"column":20},"end":{"line":200,"column":21}},"loc":{"start":{"line":201,"column":12},"end":{"line":287,"column":23}},"line":201},"21":{"name":"(anonymous_21)","decl":{"start":{"line":205,"column":51},"end":{"line":205,"column":52}},"loc":{"start":{"line":206,"column":22},"end":{"line":208,"column":28}},"line":206},"22":{"name":"(anonymous_22)","decl":{"start":{"line":213,"column":20},"end":{"line":213,"column":21}},"loc":{"start":{"line":213,"column":26},"end":{"line":267,"column":19}},"line":213},"23":{"name":"(anonymous_23)","decl":{"start":{"line":223,"column":41},"end":{"line":223,"column":42}},"loc":{"start":{"line":224,"column":20},"end":{"line":265,"column":26}},"line":224},"24":{"name":"(anonymous_24)","decl":{"start":{"line":231,"column":33},"end":{"line":231,"column":34}},"loc":{"start":{"line":231,"column":39},"end":{"line":231,"column":83}},"line":231},"25":{"name":"(anonymous_25)","decl":{"start":{"line":236,"column":26},"end":{"line":236,"column":27}},"loc":{"start":{"line":236,"column":32},"end":{"line":257,"column":25}},"line":236},"26":{"name":"(anonymous_26)","decl":{"start":{"line":271,"column":16},"end":{"line":271,"column":17}},"loc":{"start":{"line":271,"column":22},"end":{"line":286,"column":15}},"line":271},"27":{"name":"(anonymous_27)","decl":{"start":{"line":276,"column":31},"end":{"line":276,"column":32}},"loc":{"start":{"line":276,"column":37},"end":{"line":276,"column":58}},"line":276},"28":{"name":"(anonymous_28)","decl":{"start":{"line":276,"column":48},"end":{"line":276,"column":49}},"loc":{"start":{"line":276,"column":55},"end":{"line":276,"column":57}},"line":276},"29":{"name":"(anonymous_29)","decl":{"start":{"line":296,"column":21},"end":{"line":296,"column":22}},"loc":{"start":{"line":296,"column":27},"end":{"line":296,"column":44}},"line":296},"30":{"name":"(anonymous_30)","decl":{"start":{"line":303,"column":23},"end":{"line":303,"column":24}},"loc":{"start":{"line":303,"column":30},"end":{"line":303,"column":49}},"line":303},"31":{"name":"(anonymous_31)","decl":{"start":{"line":311,"column":25},"end":{"line":311,"column":26}},"loc":{"start":{"line":311,"column":31},"end":{"line":311,"column":48}},"line":311}},"branchMap":{"0":{"loc":{"start":{"line":31,"column":7},"end":{"line":31,"column":76}},"type":"binary-expr","locations":[{"start":{"line":31,"column":7},"end":{"line":31,"column":22}},{"start":{"line":31,"column":26},"end":{"line":31,"column":76}}],"line":31},"1":{"loc":{"start":{"line":37,"column":2},"end":{"line":46,"column":3}},"type":"switch","locations":[{"start":{"line":38,"column":4},"end":{"line":39,"column":29}},{"start":{"line":40,"column":4},"end":{"line":41,"column":28}},{"start":{"line":42,"column":4},"end":{"line":43,"column":29}},{"start":{"line":44,"column":4},"end":{"line":45,"column":28}}],"line":37},"2":{"loc":{"start":{"line":55,"column":19},"end":{"line":55,"column":81}},"type":"cond-expr","locations":[{"start":{"line":55,"column":51},"end":{"line":55,"column":74}},{"start":{"line":55,"column":77},"end":{"line":55,"column":81}}],"line":55},"3":{"loc":{"start":{"line":56,"column":23},"end":{"line":56,"column":39}},"type":"cond-expr","locations":[{"start":{"line":56,"column":34},"end":{"line":56,"column":35}},{"start":{"line":56,"column":38},"end":{"line":56,"column":39}}],"line":56},"4":{"loc":{"start":{"line":62,"column":16},"end":{"line":62,"column":98}},"type":"binary-expr","locations":[{"start":{"line":62,"column":16},"end":{"line":62,"column":33}},{"start":{"line":62,"column":37},"end":{"line":62,"column":98}}],"line":62},"5":{"loc":{"start":{"line":63,"column":6},"end":{"line":63,"column":22}},"type":"if","locations":[{"start":{"line":63,"column":6},"end":{"line":63,"column":22}},{"start":{},"end":{}}],"line":63},"6":{"loc":{"start":{"line":64,"column":19},"end":{"line":64,"column":96}},"type":"binary-expr","locations":[{"start":{"line":64,"column":19},"end":{"line":64,"column":39}},{"start":{"line":64,"column":43},"end":{"line":64,"column":66}},{"start":{"line":64,"column":70},"end":{"line":64,"column":96}}],"line":64},"7":{"loc":{"start":{"line":65,"column":6},"end":{"line":65,"column":34}},"type":"if","locations":[{"start":{"line":65,"column":6},"end":{"line":65,"column":34}},{"start":{},"end":{}}],"line":65},"8":{"loc":{"start":{"line":82,"column":4},"end":{"line":82,"column":26}},"type":"if","locations":[{"start":{"line":82,"column":4},"end":{"line":82,"column":26}},{"start":{},"end":{}}],"line":82},"9":{"loc":{"start":{"line":83,"column":27},"end":{"line":83,"column":69}},"type":"if","locations":[{"start":{"line":83,"column":27},"end":{"line":83,"column":69}},{"start":{},"end":{}}],"line":83},"10":{"loc":{"start":{"line":112,"column":6},"end":{"line":112,"column":29}},"type":"if","locations":[{"start":{"line":112,"column":6},"end":{"line":112,"column":29}},{"start":{},"end":{}}],"line":112},"11":{"loc":{"start":{"line":113,"column":15},"end":{"line":113,"column":25}},"type":"binary-expr","locations":[{"start":{"line":113,"column":15},"end":{"line":113,"column":19}},{"start":{"line":113,"column":23},"end":{"line":113,"column":25}}],"line":113},"12":{"loc":{"start":{"line":114,"column":60},"end":{"line":114,"column":70}},"type":"binary-expr","locations":[{"start":{"line":114,"column":60},"end":{"line":114,"column":64}},{"start":{"line":114,"column":68},"end":{"line":114,"column":70}}],"line":114},"13":{"loc":{"start":{"line":118,"column":6},"end":{"line":118,"column":47}},"type":"if","locations":[{"start":{"line":118,"column":6},"end":{"line":118,"column":47}},{"start":{},"end":{}}],"line":118},"14":{"loc":{"start":{"line":127,"column":4},"end":{"line":127,"column":45}},"type":"if","locations":[{"start":{"line":127,"column":4},"end":{"line":127,"column":45}},{"start":{},"end":{}}],"line":127},"15":{"loc":{"start":{"line":134,"column":16},"end":{"line":134,"column":41}},"type":"binary-expr","locations":[{"start":{"line":134,"column":16},"end":{"line":134,"column":31}},{"start":{"line":134,"column":35},"end":{"line":134,"column":41}}],"line":134},"16":{"loc":{"start":{"line":135,"column":6},"end":{"line":135,"column":35}},"type":"if","locations":[{"start":{"line":135,"column":6},"end":{"line":135,"column":35}},{"start":{},"end":{}}],"line":135},"17":{"loc":{"start":{"line":203,"column":17},"end":{"line":269,"column":17}},"type":"cond-expr","locations":[{"start":{"line":204,"column":18},"end":{"line":210,"column":24}},{"start":{"line":212,"column":16},"end":{"line":268,"column":22}}],"line":203},"18":{"loc":{"start":{"line":214,"column":33},"end":{"line":214,"column":53}},"type":"binary-expr","locations":[{"start":{"line":214,"column":33},"end":{"line":214,"column":47}},{"start":{"line":214,"column":51},"end":{"line":214,"column":53}}],"line":214},"19":{"loc":{"start":{"line":215,"column":38},"end":{"line":215,"column":82}},"type":"cond-expr","locations":[{"start":{"line":215,"column":48},"end":{"line":215,"column":52}},{"start":{"line":215,"column":55},"end":{"line":215,"column":82}}],"line":215},"20":{"loc":{"start":{"line":216,"column":8},"end":{"line":222,"column":21}},"type":"if","locations":[{"start":{"line":216,"column":8},"end":{"line":222,"column":21}},{"start":{},"end":{}}],"line":216},"21":{"loc":{"start":{"line":225,"column":27},"end":{"line":225,"column":39}},"type":"binary-expr","locations":[{"start":{"line":225,"column":27},"end":{"line":225,"column":34}},{"start":{"line":225,"column":38},"end":{"line":225,"column":39}}],"line":225},"22":{"loc":{"start":{"line":226,"column":32},"end":{"line":226,"column":104}},"type":"cond-expr","locations":[{"start":{"line":226,"column":46},"end":{"line":226,"column":61}},{"start":{"line":226,"column":64},"end":{"line":226,"column":104}}],"line":226},"23":{"loc":{"start":{"line":226,"column":64},"end":{"line":226,"column":104}},"type":"cond-expr","locations":[{"start":{"line":226,"column":78},"end":{"line":226,"column":87}},{"start":{"line":226,"column":90},"end":{"line":226,"column":104}}],"line":226},"24":{"loc":{"start":{"line":227,"column":41},"end":{"line":227,"column":70}},"type":"cond-expr","locations":[{"start":{"line":227,"column":55},"end":{"line":227,"column":61}},{"start":{"line":227,"column":64},"end":{"line":227,"column":70}}],"line":227},"25":{"loc":{"start":{"line":231,"column":68},"end":{"line":231,"column":80}},"type":"binary-expr","locations":[{"start":{"line":231,"column":68},"end":{"line":231,"column":75}},{"start":{"line":231,"column":79},"end":{"line":231,"column":80}}],"line":231},"26":{"loc":{"start":{"line":237,"column":40},"end":{"line":237,"column":66}},"type":"binary-expr","locations":[{"start":{"line":237,"column":40},"end":{"line":237,"column":57}},{"start":{"line":237,"column":61},"end":{"line":237,"column":66}}],"line":237},"27":{"loc":{"start":{"line":240,"column":26},"end":{"line":240,"column":69}},"type":"if","locations":[{"start":{"line":240,"column":26},"end":{"line":240,"column":69}},{"start":{},"end":{}}],"line":240},"28":{"loc":{"start":{"line":241,"column":26},"end":{"line":241,"column":68}},"type":"if","locations":[{"start":{"line":241,"column":26},"end":{"line":241,"column":68}},{"start":{},"end":{}}],"line":241},"29":{"loc":{"start":{"line":244,"column":49},"end":{"line":244,"column":61}},"type":"binary-expr","locations":[{"start":{"line":244,"column":49},"end":{"line":244,"column":56}},{"start":{"line":244,"column":60},"end":{"line":244,"column":61}}],"line":244},"30":{"loc":{"start":{"line":247,"column":35},"end":{"line":247,"column":113}},"type":"binary-expr","locations":[{"start":{"line":247,"column":35},"end":{"line":247,"column":51}},{"start":{"line":247,"column":56},"end":{"line":247,"column":112}}],"line":247},"31":{"loc":{"start":{"line":249,"column":39},"end":{"line":249,"column":74}},"type":"cond-expr","locations":[{"start":{"line":249,"column":58},"end":{"line":249,"column":65}},{"start":{"line":249,"column":68},"end":{"line":249,"column":74}}],"line":249},"32":{"loc":{"start":{"line":251,"column":35},"end":{"line":251,"column":84}},"type":"cond-expr","locations":[{"start":{"line":251,"column":54},"end":{"line":251,"column":79}},{"start":{"line":251,"column":82},"end":{"line":251,"column":84}}],"line":251},"33":{"loc":{"start":{"line":259,"column":25},"end":{"line":263,"column":25}},"type":"binary-expr","locations":[{"start":{"line":259,"column":25},"end":{"line":259,"column":41}},{"start":{"line":260,"column":26},"end":{"line":262,"column":32}}],"line":259},"34":{"loc":{"start":{"line":272,"column":29},"end":{"line":272,"column":49}},"type":"binary-expr","locations":[{"start":{"line":272,"column":29},"end":{"line":272,"column":43}},{"start":{"line":272,"column":47},"end":{"line":272,"column":49}}],"line":272},"35":{"loc":{"start":{"line":273,"column":23},"end":{"line":285,"column":24}},"type":"cond-expr","locations":[{"start":{"line":274,"column":18},"end":{"line":284,"column":24}},{"start":{"line":285,"column":20},"end":{"line":285,"column":24}}],"line":273},"36":{"loc":{"start":{"line":280,"column":25},"end":{"line":280,"column":144}},"type":"cond-expr","locations":[{"start":{"line":280,"column":36},"end":{"line":280,"column":86}},{"start":{"line":280,"column":91},"end":{"line":280,"column":143}}],"line":280},"37":{"loc":{"start":{"line":293,"column":9},"end":{"line":351,"column":9}},"type":"binary-expr","locations":[{"start":{"line":293,"column":9},"end":{"line":293,"column":17}},{"start":{"line":294,"column":10},"end":{"line":350,"column":23}}],"line":293},"38":{"loc":{"start":{"line":338,"column":21},"end":{"line":338,"column":106}},"type":"binary-expr","locations":[{"start":{"line":338,"column":21},"end":{"line":338,"column":41}},{"start":{"line":338,"column":46},"end":{"line":338,"column":105}}],"line":338},"39":{"loc":{"start":{"line":344,"column":15},"end":{"line":348,"column":15}},"type":"binary-expr","locations":[{"start":{"line":344,"column":15},"end":{"line":344,"column":35}},{"start":{"line":345,"column":16},"end":{"line":347,"column":22}}],"line":344}},"s":{"0":0,"1":0,"2":0,"3":0,"4":0,"5":0,"6":0,"7":0,"8":0,"9":0,"10":0,"11":0,"12":0,"13":0,"14":0,"15":0,"16":0,"17":0,"18":0,"19":0,"20":0,"21":0,"22":0,"23":0,"24":0,"25":0,"26":0,"27":0,"28":0,"29":0,"30":0,"31":0,"32":0,"33":0,"34":0,"35":0,"36":0,"37":0,"38":0,"39":0,"40":0,"41":0,"42":0,"43":0,"44":0,"45":0,"46":0,"47":0,"48":0,"49":0,"50":0,"51":0,"52":0,"53":0,"54":0,"55":0,"56":0,"57":0,"58":0,"59":0,"60":0,"61":0,"62":0,"63":0,"64":0,"65":0,"66":0,"67":0,"68":0,"69":0,"70":0,"71":0,"72":0,"73":0,"74":0,"75":0,"76":0,"77":0,"78":0,"79":0,"80":0,"81":0,"82":0,"83":0,"84":0,"85":0,"86":0,"87":0,"88":0,"89":0,"90":0,"91":0,"92":0,"93":0,"94":0,"95":0,"96":0,"97":0,"98":0,"99":0,"100":0,"101":0,"102":0,"103":0,"104":0,"105":0,"106":0,"107":0,"108":0,"109":0,"110":0,"111":0},"f":{"0":0,"1":0,"2":0,"3":0,"4":0,"5":0,"6":0,"7":0,"8":0,"9":0,"10":0,"11":0,"12":0,"13":0,"14":0,"15":0,"16":0,"17":0,"18":0,"19":0,"20":0,"21":0,"22":0,"23":0,"24":0,"25":0,"26":0,"27":0,"28":0,"29":0,"30":0,"31":0},"b":{"0":[0,0],"1":[0,0,0,0],"2":[0,0],"3":[0,0],"4":[0,0],"5":[0,0],"6":[0,0,0],"7":[0,0],"8":[0,0],"9":[0,0],"10":[0,0],"11":[0,0],"12":[0,0],"13":[0,0],"14":[0,0],"15":[0,0],"16":[0,0],"17":[0,0],"18":[0,0],"19":[0,0],"20":[0,0],"21":[0,0],"22":[0,0],"23":[0,0],"24":[0,0],"25":[0,0],"26":[0,0],"27":[0,0],"28":[0,0],"29":[0,0],"30":[0,0],"31":[0,0],"32":[0,0],"33":[0,0],"34":[0,0],"35":[0,0],"36":[0,0],"37":[0,0],"38":[0,0],"39":[0,0]}}
,"C:\\Users\\Zhafran\\Documents\\WEBSITE ZHAFRAN\\Portofolio_V5\\src\\Pages\\Home.jsx": {"path":"C:\\Users\\Zhafran\\Documents\\WEBSITE ZHAFRAN\\Portofolio_V5\\src\\Pages\\Home.jsx","statementMap":{"0":{"start":{"line":5,"column":18},"end":{"line":5,"column":63}},"1":{"start":{"line":5,"column":29},"end":{"line":5,"column":62}},"2":{"start":{"line":21,"column":20},"end":{"line":40,"column":2}},"3":{"start":{"line":22,"column":16},"end":{"line":22,"column":25}},"4":{"start":{"line":23,"column":2},"end":{"line":39,"column":2}},"5":{"start":{"line":42,"column":18},"end":{"line":60,"column":2}},"6":{"start":{"line":43,"column":2},"end":{"line":59,"column":8}},"7":{"start":{"line":62,"column":18},"end":{"line":66,"column":2}},"8":{"start":{"line":63,"column":2},"end":{"line":65,"column":8}},"9":{"start":{"line":68,"column":0},"end":{"line":70,"column":2}},"10":{"start":{"line":72,"column":18},"end":{"line":136,"column":2}},"11":{"start":{"line":73,"column":19},"end":{"line":73,"column":32}},"12":{"start":{"line":74,"column":18},"end":{"line":118,"column":3}},"13":{"start":{"line":75,"column":4},"end":{"line":75,"column":22}},"14":{"start":{"line":75,"column":15},"end":{"line":75,"column":22}},"15":{"start":{"line":76,"column":4},"end":{"line":110,"column":5}},"16":{"start":{"line":77,"column":6},"end":{"line":77,"column":25}},"17":{"start":{"line":78,"column":23},"end":{"line":78,"column":27}},"18":{"start":{"line":79,"column":23},"end":{"line":92,"column":7}},"19":{"start":{"line":80,"column":22},"end":{"line":80,"column":32}},"20":{"start":{"line":81,"column":26},"end":{"line":90,"column":9}},"21":{"start":{"line":82,"column":21},"end":{"line":82,"column":53}},"22":{"start":{"line":83,"column":10},"end":{"line":88,"column":11}},"23":{"start":{"line":84,"column":25},"end":{"line":84,"column":51}},"24":{"start":{"line":85,"column":24},"end":{"line":85,"column":55}},"25":{"start":{"line":86,"column":12},"end":{"line":86,"column":57}},"26":{"start":{"line":87,"column":12},"end":{"line":87,"column":19}},"27":{"start":{"line":89,"column":10},"end":{"line":89,"column":74}},"28":{"start":{"line":89,"column":41},"end":{"line":89,"column":74}},"29":{"start":{"line":91,"column":8},"end":{"line":91,"column":20}},"30":{"start":{"line":93,"column":21},"end":{"line":93,"column":105}},"31":{"start":{"line":94,"column":6},"end":{"line":108,"column":7}},"32":{"start":{"line":95,"column":8},"end":{"line":105,"column":9}},"33":{"start":{"line":96,"column":10},"end":{"line":96,"column":24}},"34":{"start":{"line":97,"column":10},"end":{"line":97,"column":36}},"35":{"start":{"line":100,"column":10},"end":{"line":103,"column":20}},"36":{"start":{"line":101,"column":28},"end":{"line":101,"column":94}},"37":{"start":{"line":102,"column":12},"end":{"line":102,"column":66}},"38":{"start":{"line":104,"column":10},"end":{"line":104,"column":36}},"39":{"start":{"line":107,"column":8},"end":{"line":107,"column":19}},"40":{"start":{"line":109,"column":6},"end":{"line":109,"column":13}},"41":{"start":{"line":112,"column":4},"end":{"line":116,"column":5}},"42":{"start":{"line":113,"column":6},"end":{"line":113,"column":25}},"43":{"start":{"line":114,"column":6},"end":{"line":114,"column":21}},"44":{"start":{"line":115,"column":6},"end":{"line":115,"column":13}},"45":{"start":{"line":119,"column":2},"end":{"line":135,"column":4}},"46":{"start":{"line":138,"column":0},"end":{"line":142,"column":2}},"47":{"start":{"line":144,"column":19},"end":{"line":161,"column":2}},"48":{"start":{"line":145,"column":21},"end":{"line":145,"column":73}},"49":{"start":{"line":146,"column":21},"end":{"line":146,"column":41}},"50":{"start":{"line":148,"column":4},"end":{"line":153,"column":13}},"51":{"start":{"line":155,"column":2},"end":{"line":155,"column":58}},"52":{"start":{"line":155,"column":18},"end":{"line":155,"column":58}},"53":{"start":{"line":156,"column":2},"end":{"line":160,"column":4}},"54":{"start":{"line":163,"column":0},"end":{"line":166,"column":2}},"55":{"start":{"line":170,"column":13},"end":{"line":353,"column":1}},"56":{"start":{"line":171,"column":26},"end":{"line":171,"column":38}},"57":{"start":{"line":172,"column":34},"end":{"line":172,"column":48}},"58":{"start":{"line":173,"column":36},"end":{"line":173,"column":47}},"59":{"start":{"line":174,"column":36},"end":{"line":174,"column":47}},"60":{"start":{"line":175,"column":34},"end":{"line":175,"column":49}},"61":{"start":{"line":176,"column":38},"end":{"line":176,"column":53}},"62":{"start":{"line":177,"column":22},"end":{"line":177,"column":31}},"63":{"start":{"line":179,"column":16},"end":{"line":181,"column":12}},"64":{"start":{"line":180,"column":4},"end":{"line":180,"column":39}},"65":{"start":{"line":184,"column":2},"end":{"line":194,"column":9}},"66":{"start":{"line":185,"column":4},"end":{"line":193,"column":14}},"67":{"start":{"line":186,"column":16},"end":{"line":186,"column":54}},"68":{"start":{"line":187,"column":6},"end":{"line":192,"column":7}},"69":{"start":{"line":188,"column":8},"end":{"line":188,"column":50}},"70":{"start":{"line":189,"column":8},"end":{"line":191,"column":14}},"71":{"start":{"line":190,"column":10},"end":{"line":190,"column":67}},"72":{"start":{"line":197,"column":2},"end":{"line":209,"column":9}},"73":{"start":{"line":198,"column":20},"end":{"line":200,"column":5}},"74":{"start":{"line":199,"column":6},"end":{"line":199,"column":43}},"75":{"start":{"line":201,"column":17},"end":{"line":201,"column":125}},"76":{"start":{"line":201,"column":25},"end":{"line":201,"column":125}},"77":{"start":{"line":202,"column":19},"end":{"line":202,"column":32}},"78":{"start":{"line":203,"column":21},"end":{"line":203,"column":40}},"79":{"start":{"line":203,"column":27},"end":{"line":203,"column":40}},"80":{"start":{"line":204,"column":4},"end":{"line":204,"column":48}},"81":{"start":{"line":205,"column":4},"end":{"line":208,"column":6}},"82":{"start":{"line":206,"column":6},"end":{"line":206,"column":86}},"83":{"start":{"line":206,"column":42},"end":{"line":206,"column":86}},"84":{"start":{"line":206,"column":48},"end":{"line":206,"column":75}},"85":{"start":{"line":207,"column":6},"end":{"line":207,"column":53}},"86":{"start":{"line":211,"column":2},"end":{"line":214,"column":9}},"87":{"start":{"line":212,"column":4},"end":{"line":212,"column":22}},"88":{"start":{"line":213,"column":4},"end":{"line":213,"column":36}},"89":{"start":{"line":213,"column":17},"end":{"line":213,"column":35}},"90":{"start":{"line":217,"column":2},"end":{"line":229,"column":9}},"91":{"start":{"line":218,"column":22},"end":{"line":218,"column":103}},"92":{"start":{"line":219,"column":4},"end":{"line":219,"column":27}},"93":{"start":{"line":219,"column":20},"end":{"line":219,"column":27}},"94":{"start":{"line":220,"column":17},"end":{"line":220,"column":48}},"95":{"start":{"line":221,"column":17},"end":{"line":227,"column":6}},"96":{"start":{"line":222,"column":18},"end":{"line":222,"column":29}},"97":{"start":{"line":223,"column":6},"end":{"line":223,"column":29}},"98":{"start":{"line":224,"column":6},"end":{"line":224,"column":28}},"99":{"start":{"line":225,"column":6},"end":{"line":225,"column":18}},"100":{"start":{"line":226,"column":6},"end":{"line":226,"column":17}},"101":{"start":{"line":228,"column":4},"end":{"line":228,"column":58}},"102":{"start":{"line":228,"column":17},"end":{"line":228,"column":57}},"103":{"start":{"line":228,"column":41},"end":{"line":228,"column":54}},"104":{"start":{"line":232,"column":23},"end":{"line":249,"column":38}},"105":{"start":{"line":233,"column":4},"end":{"line":248,"column":5}},"106":{"start":{"line":234,"column":6},"end":{"line":239,"column":7}},"107":{"start":{"line":235,"column":8},"end":{"line":235,"column":60}},"108":{"start":{"line":235,"column":24},"end":{"line":235,"column":58}},"109":{"start":{"line":236,"column":8},"end":{"line":236,"column":39}},"110":{"start":{"line":236,"column":29},"end":{"line":236,"column":37}},"111":{"start":{"line":238,"column":8},"end":{"line":238,"column":61}},"112":{"start":{"line":238,"column":25},"end":{"line":238,"column":43}},"113":{"start":{"line":241,"column":6},"end":{"line":247,"column":7}},"114":{"start":{"line":242,"column":8},"end":{"line":242,"column":43}},"115":{"start":{"line":242,"column":24},"end":{"line":242,"column":41}},"116":{"start":{"line":243,"column":8},"end":{"line":243,"column":39}},"117":{"start":{"line":243,"column":29},"end":{"line":243,"column":37}},"118":{"start":{"line":245,"column":8},"end":{"line":245,"column":56}},"119":{"start":{"line":245,"column":29},"end":{"line":245,"column":54}},"120":{"start":{"line":246,"column":8},"end":{"line":246,"column":26}},"121":{"start":{"line":251,"column":2},"end":{"line":257,"column":21}},"122":{"start":{"line":252,"column":20},"end":{"line":255,"column":5}},"123":{"start":{"line":256,"column":4},"end":{"line":256,"column":39}},"124":{"start":{"line":256,"column":17},"end":{"line":256,"column":38}},"125":{"start":{"line":260,"column":19},"end":{"line":260,"column":31}},"126":{"start":{"line":261,"column":18},"end":{"line":261,"column":33}},"127":{"start":{"line":263,"column":2},"end":{"line":352,"column":4}},"128":{"start":{"line":292,"column":10},"end":{"line":292,"column":271}},"129":{"start":{"line":305,"column":20},"end":{"line":305,"column":58}},"130":{"start":{"line":313,"column":34},"end":{"line":313,"column":53}},"131":{"start":{"line":314,"column":34},"end":{"line":314,"column":54}}},"fnMap":{"0":{"name":"(anonymous_0)","decl":{"start":{"line":5,"column":23},"end":{"line":5,"column":24}},"loc":{"start":{"line":5,"column":29},"end":{"line":5,"column":62}},"line":5},"1":{"name":"(anonymous_1)","decl":{"start":{"line":21,"column":25},"end":{"line":21,"column":26}},"loc":{"start":{"line":21,"column":31},"end":{"line":40,"column":1}},"line":21},"2":{"name":"(anonymous_2)","decl":{"start":{"line":42,"column":23},"end":{"line":42,"column":24}},"loc":{"start":{"line":43,"column":2},"end":{"line":59,"column":8}},"line":43},"3":{"name":"(anonymous_3)","decl":{"start":{"line":62,"column":23},"end":{"line":62,"column":24}},"loc":{"start":{"line":63,"column":2},"end":{"line":65,"column":8}},"line":63},"4":{"name":"(anonymous_4)","decl":{"start":{"line":72,"column":23},"end":{"line":72,"column":24}},"loc":{"start":{"line":72,"column":55},"end":{"line":136,"column":1}},"line":72},"5":{"name":"(anonymous_5)","decl":{"start":{"line":74,"column":18},"end":{"line":74,"column":19}},"loc":{"start":{"line":74,"column":25},"end":{"line":118,"column":3}},"line":74},"6":{"name":"(anonymous_6)","decl":{"start":{"line":79,"column":23},"end":{"line":79,"column":24}},"loc":{"start":{"line":79,"column":29},"end":{"line":92,"column":7}},"line":79},"7":{"name":"(anonymous_7)","decl":{"start":{"line":81,"column":26},"end":{"line":81,"column":27}},"loc":{"start":{"line":81,"column":32},"end":{"line":90,"column":9}},"line":81},"8":{"name":"(anonymous_8)","decl":{"start":{"line":144,"column":24},"end":{"line":144,"column":25}},"loc":{"start":{"line":144,"column":50},"end":{"line":161,"column":1}},"line":144},"9":{"name":"(anonymous_9)","decl":{"start":{"line":170,"column":13},"end":{"line":170,"column":14}},"loc":{"start":{"line":170,"column":19},"end":{"line":353,"column":1}},"line":170},"10":{"name":"(anonymous_10)","decl":{"start":{"line":179,"column":30},"end":{"line":179,"column":31}},"loc":{"start":{"line":180,"column":4},"end":{"line":180,"column":39}},"line":180},"11":{"name":"(anonymous_11)","decl":{"start":{"line":184,"column":12},"end":{"line":184,"column":13}},"loc":{"start":{"line":184,"column":18},"end":{"line":194,"column":3}},"line":184},"12":{"name":"(anonymous_12)","decl":{"start":{"line":189,"column":19},"end":{"line":189,"column":20}},"loc":{"start":{"line":189,"column":25},"end":{"line":191,"column":9}},"line":189},"13":{"name":"(anonymous_13)","decl":{"start":{"line":197,"column":12},"end":{"line":197,"column":13}},"loc":{"start":{"line":197,"column":18},"end":{"line":209,"column":3}},"line":197},"14":{"name":"(anonymous_14)","decl":{"start":{"line":198,"column":20},"end":{"line":198,"column":21}},"loc":{"start":{"line":198,"column":26},"end":{"line":200,"column":5}},"line":198},"15":{"name":"(anonymous_15)","decl":{"start":{"line":201,"column":17},"end":{"line":201,"column":18}},"loc":{"start":{"line":201,"column":25},"end":{"line":201,"column":125}},"line":201},"16":{"name":"(anonymous_16)","decl":{"start":{"line":203,"column":21},"end":{"line":203,"column":22}},"loc":{"start":{"line":203,"column":27},"end":{"line":203,"column":40}},"line":203},"17":{"name":"(anonymous_17)","decl":{"start":{"line":205,"column":11},"end":{"line":205,"column":12}},"loc":{"start":{"line":205,"column":17},"end":{"line":208,"column":5}},"line":205},"18":{"name":"(anonymous_18)","decl":{"start":{"line":211,"column":12},"end":{"line":211,"column":13}},"loc":{"start":{"line":211,"column":18},"end":{"line":214,"column":3}},"line":211},"19":{"name":"(anonymous_19)","decl":{"start":{"line":213,"column":11},"end":{"line":213,"column":12}},"loc":{"start":{"line":213,"column":17},"end":{"line":213,"column":35}},"line":213},"20":{"name":"(anonymous_20)","decl":{"start":{"line":217,"column":12},"end":{"line":217,"column":13}},"loc":{"start":{"line":217,"column":18},"end":{"line":229,"column":3}},"line":217},"21":{"name":"(anonymous_21)","decl":{"start":{"line":221,"column":26},"end":{"line":221,"column":27}},"loc":{"start":{"line":221,"column":33},"end":{"line":227,"column":5}},"line":221},"22":{"name":"(anonymous_22)","decl":{"start":{"line":228,"column":11},"end":{"line":228,"column":12}},"loc":{"start":{"line":228,"column":17},"end":{"line":228,"column":57}},"line":228},"23":{"name":"(anonymous_23)","decl":{"start":{"line":228,"column":30},"end":{"line":228,"column":31}},"loc":{"start":{"line":228,"column":39},"end":{"line":228,"column":56}},"line":228},"24":{"name":"(anonymous_24)","decl":{"start":{"line":232,"column":35},"end":{"line":232,"column":36}},"loc":{"start":{"line":232,"column":41},"end":{"line":249,"column":3}},"line":232},"25":{"name":"(anonymous_25)","decl":{"start":{"line":235,"column":16},"end":{"line":235,"column":17}},"loc":{"start":{"line":235,"column":24},"end":{"line":235,"column":58}},"line":235},"26":{"name":"(anonymous_26)","decl":{"start":{"line":236,"column":21},"end":{"line":236,"column":22}},"loc":{"start":{"line":236,"column":29},"end":{"line":236,"column":37}},"line":236},"27":{"name":"(anonymous_27)","decl":{"start":{"line":238,"column":19},"end":{"line":238,"column":20}},"loc":{"start":{"line":238,"column":25},"end":{"line":238,"column":43}},"line":238},"28":{"name":"(anonymous_28)","decl":{"start":{"line":242,"column":16},"end":{"line":242,"column":17}},"loc":{"start":{"line":242,"column":24},"end":{"line":242,"column":41}},"line":242},"29":{"name":"(anonymous_29)","decl":{"start":{"line":243,"column":21},"end":{"line":243,"column":22}},"loc":{"start":{"line":243,"column":29},"end":{"line":243,"column":37}},"line":243},"30":{"name":"(anonymous_30)","decl":{"start":{"line":245,"column":21},"end":{"line":245,"column":22}},"loc":{"start":{"line":245,"column":29},"end":{"line":245,"column":54}},"line":245},"31":{"name":"(anonymous_31)","decl":{"start":{"line":251,"column":12},"end":{"line":251,"column":13}},"loc":{"start":{"line":251,"column":18},"end":{"line":257,"column":3}},"line":251},"32":{"name":"(anonymous_32)","decl":{"start":{"line":256,"column":11},"end":{"line":256,"column":12}},"loc":{"start":{"line":256,"column":17},"end":{"line":256,"column":38}},"line":256},"33":{"name":"(anonymous_33)","decl":{"start":{"line":291,"column":34},"end":{"line":291,"column":35}},"loc":{"start":{"line":292,"column":10},"end":{"line":292,"column":271}},"line":292},"34":{"name":"(anonymous_34)","decl":{"start":{"line":304,"column":36},"end":{"line":304,"column":37}},"loc":{"start":{"line":305,"column":20},"end":{"line":305,"column":58}},"line":305},"35":{"name":"(anonymous_35)","decl":{"start":{"line":313,"column":28},"end":{"line":313,"column":29}},"loc":{"start":{"line":313,"column":34},"end":{"line":313,"column":53}},"line":313},"36":{"name":"(anonymous_36)","decl":{"start":{"line":314,"column":28},"end":{"line":314,"column":29}},"loc":{"start":{"line":314,"column":34},"end":{"line":314,"column":54}},"line":314}},"branchMap":{"0":{"loc":{"start":{"line":75,"column":4},"end":{"line":75,"column":22}},"type":"if","locations":[{"start":{"line":75,"column":4},"end":{"line":75,"column":22}},{"start":{},"end":{}}],"line":75},"1":{"loc":{"start":{"line":76,"column":4},"end":{"line":110,"column":5}},"type":"if","locations":[{"start":{"line":76,"column":4},"end":{"line":110,"column":5}},{"start":{},"end":{}}],"line":76},"2":{"loc":{"start":{"line":83,"column":10},"end":{"line":88,"column":11}},"type":"if","locations":[{"start":{"line":83,"column":10},"end":{"line":88,"column":11}},{"start":{},"end":{}}],"line":83},"3":{"loc":{"start":{"line":89,"column":10},"end":{"line":89,"column":74}},"type":"if","locations":[{"start":{"line":89,"column":10},"end":{"line":89,"column":74}},{"start":{},"end":{}}],"line":89},"4":{"loc":{"start":{"line":93,"column":21},"end":{"line":93,"column":105}},"type":"binary-expr","locations":[{"start":{"line":93,"column":21},"end":{"line":93,"column":50}},{"start":{"line":93,"column":54},"end":{"line":93,"column":69}},{"start":{"line":93,"column":73},"end":{"line":93,"column":105}}],"line":93},"5":{"loc":{"start":{"line":94,"column":6},"end":{"line":108,"column":7}},"type":"if","locations":[{"start":{"line":94,"column":6},"end":{"line":108,"column":7}},{"start":{"line":106,"column":13},"end":{"line":108,"column":7}}],"line":94},"6":{"loc":{"start":{"line":95,"column":8},"end":{"line":105,"column":9}},"type":"if","locations":[{"start":{"line":95,"column":8},"end":{"line":105,"column":9}},{"start":{"line":98,"column":15},"end":{"line":105,"column":9}}],"line":95},"7":{"loc":{"start":{"line":112,"column":4},"end":{"line":116,"column":5}},"type":"if","locations":[{"start":{"line":112,"column":4},"end":{"line":116,"column":5}},{"start":{},"end":{}}],"line":112},"8":{"loc":{"start":{"line":131,"column":72},"end":{"line":131,"column":147}},"type":"cond-expr","locations":[{"start":{"line":131,"column":94},"end":{"line":131,"column":121}},{"start":{"line":131,"column":124},"end":{"line":131,"column":147}}],"line":131},"9":{"loc":{"start":{"line":145,"column":21},"end":{"line":145,"column":73}},"type":"binary-expr","locations":[{"start":{"line":145,"column":21},"end":{"line":145,"column":43}},{"start":{"line":145,"column":47},"end":{"line":145,"column":73}}],"line":145},"10":{"loc":{"start":{"line":155,"column":2},"end":{"line":155,"column":58}},"type":"if","locations":[{"start":{"line":155,"column":2},"end":{"line":155,"column":58}},{"start":{},"end":{}}],"line":155},"11":{"loc":{"start":{"line":157,"column":27},"end":{"line":157,"column":60}},"type":"cond-expr","locations":[{"start":{"line":157,"column":40},"end":{"line":157,"column":48}},{"start":{"line":157,"column":51},"end":{"line":157,"column":60}}],"line":157},"12":{"loc":{"start":{"line":157,"column":67},"end":{"line":157,"column":113}},"type":"cond-expr","locations":[{"start":{"line":157,"column":80},"end":{"line":157,"column":101}},{"start":{"line":157,"column":104},"end":{"line":157,"column":113}}],"line":157},"13":{"loc":{"start":{"line":180,"column":4},"end":{"line":180,"column":39}},"type":"cond-expr","locations":[{"start":{"line":180,"column":20},"end":{"line":180,"column":28}},{"start":{"line":180,"column":31},"end":{"line":180,"column":39}}],"line":180},"14":{"loc":{"start":{"line":187,"column":6},"end":{"line":192,"column":7}},"type":"if","locations":[{"start":{"line":187,"column":6},"end":{"line":192,"column":7}},{"start":{},"end":{}}],"line":187},"15":{"loc":{"start":{"line":201,"column":25},"end":{"line":201,"column":125}},"type":"cond-expr","locations":[{"start":{"line":201,"column":61},"end":{"line":201,"column":103}},{"start":{"line":201,"column":106},"end":{"line":201,"column":125}}],"line":201},"16":{"loc":{"start":{"line":206,"column":6},"end":{"line":206,"column":86}},"type":"if","locations":[{"start":{"line":206,"column":6},"end":{"line":206,"column":86}},{"start":{},"end":{}}],"line":206},"17":{"loc":{"start":{"line":218,"column":22},"end":{"line":218,"column":103}},"type":"binary-expr","locations":[{"start":{"line":218,"column":22},"end":{"line":218,"column":51}},{"start":{"line":218,"column":55},"end":{"line":218,"column":103}}],"line":218},"18":{"loc":{"start":{"line":219,"column":4},"end":{"line":219,"column":27}},"type":"if","locations":[{"start":{"line":219,"column":4},"end":{"line":219,"column":27}},{"start":{},"end":{}}],"line":219},"19":{"loc":{"start":{"line":233,"column":4},"end":{"line":248,"column":5}},"type":"if","locations":[{"start":{"line":233,"column":4},"end":{"line":248,"column":5}},{"start":{"line":240,"column":11},"end":{"line":248,"column":5}}],"line":233},"20":{"loc":{"start":{"line":234,"column":6},"end":{"line":239,"column":7}},"type":"if","locations":[{"start":{"line":234,"column":6},"end":{"line":239,"column":7}},{"start":{"line":237,"column":13},"end":{"line":239,"column":7}}],"line":234},"21":{"loc":{"start":{"line":241,"column":6},"end":{"line":247,"column":7}},"type":"if","locations":[{"start":{"line":241,"column":6},"end":{"line":247,"column":7}},{"start":{"line":244,"column":13},"end":{"line":247,"column":7}}],"line":241},"22":{"loc":{"start":{"line":254,"column":6},"end":{"line":254,"column":45}},"type":"cond-expr","locations":[{"start":{"line":254,"column":17},"end":{"line":254,"column":29}},{"start":{"line":254,"column":32},"end":{"line":254,"column":45}}],"line":254},"23":{"loc":{"start":{"line":265,"column":68},"end":{"line":265,"column":106}},"type":"cond-expr","locations":[{"start":{"line":265,"column":79},"end":{"line":265,"column":92}},{"start":{"line":265,"column":95},"end":{"line":265,"column":106}}],"line":265},"24":{"loc":{"start":{"line":320,"column":18},"end":{"line":320,"column":78}},"type":"cond-expr","locations":[{"start":{"line":320,"column":31},"end":{"line":320,"column":53}},{"start":{"line":320,"column":56},"end":{"line":320,"column":78}}],"line":320},"25":{"loc":{"start":{"line":327,"column":163},"end":{"line":327,"column":201}},"type":"cond-expr","locations":[{"start":{"line":327,"column":176},"end":{"line":327,"column":187}},{"start":{"line":327,"column":190},"end":{"line":327,"column":201}}],"line":327},"26":{"loc":{"start":{"line":336,"column":18},"end":{"line":336,"column":58}},"type":"cond-expr","locations":[{"start":{"line":336,"column":31},"end":{"line":336,"column":43}},{"start":{"line":336,"column":46},"end":{"line":336,"column":58}}],"line":336},"27":{"loc":{"start":{"line":339,"column":20},"end":{"line":339,"column":58}},"type":"cond-expr","locations":[{"start":{"line":339,"column":33},"end":{"line":339,"column":44}},{"start":{"line":339,"column":47},"end":{"line":339,"column":58}}],"line":339}},"s":{"0":0,"1":0,"2":0,"3":0,"4":0,"5":0,"6":0,"7":0,"8":0,"9":0,"10":0,"11":0,"12":0,"13":0,"14":0,"15":0,"16":0,"17":0,"18":0,"19":0,"20":0,"21":0,"22":0,"23":0,"24":0,"25":0,"26":0,"27":0,"28":0,"29":0,"30":0,"31":0,"32":0,"33":0,"34":0,"35":0,"36":0,"37":0,"38":0,"39":0,"40":0,"41":0,"42":0,"43":0,"44":0,"45":0,"46":0,"47":0,"48":0,"49":0,"50":0,"51":0,"52":0,"53":0,"54":0,"55":0,"56":0,"57":0,"58":0,"59":0,"60":0,"61":0,"62":0,"63":0,"64":0,"65":0,"66":0,"67":0,"68":0,"69":0,"70":0,"71":0,"72":0,"73":0,"74":0,"75":0,"76":0,"77":0,"78":0,"79":0,"80":0,"81":0,"82":0,"83":0,"84":0,"85":0,"86":0,"87":0,"88":0,"89":0,"90":0,"91":0,"92":0,"93":0,"94":0,"95":0,"96":0,"97":0,"98":0,"99":0,"100":0,"101":0,"102":0,"103":0,"104":0,"105":0,"106":0,"107":0,"108":0,"109":0,"110":0,"111":0,"112":0,"113":0,"114":0,"115":0,"116":0,"117":0,"118":0,"119":0,"120":0,"121":0,"122":0,"123":0,"124":0,"125":0,"126":0,"127":0,"128":0,"129":0,"130":0,"131":0},"f":{"0":0,"1":0,"2":0,"3":0,"4":0,"5":0,"6":0,"7":0,"8":0,"9":0,"10":0,"11":0,"12":0,"13":0,"14":0,"15":0,"16":0,"17":0,"18":0,"19":0,"20":0,"21":0,"22":0,"23":0,"24":0,"25":0,"26":0,"27":0,"28":0,"29":0,"30":0,"31":0,"32":0,"33":0,"34":0,"35":0,"36":0},"b":{"0":[0,0],"1":[0,0],"2":[0,0],"3":[0,0],"4":[0,0,0],"5":[0,0],"6":[0,0],"7":[0,0],"8":[0,0],"9":[0,0],"10":[0,0],"11":[0,0],"12":[0,0],"13":[0,0],"14":[0,0],"15":[0,0],"16":[0,0],"17":[0,0],"18":[0,0],"19":[0,0],"20":[0,0],"21":[0,0],"22":[0,0],"23":[0,0],"24":[0,0],"25":[0,0],"26":[0,0],"27":[0,0]}}
[...]
,"C:\\Users\\Zhafran\\Documents\\WEBSITE ZHAFRAN\\Portofolio_V5\\src\\components\\ThemeProvider.jsx": {"path":"C:\\Users\\Zhafran\\Documents\\WEBSITE ZHAFRAN\\Portofolio_V5\\src\\components\\ThemeProvider.jsx","statementMap":{"0":{"start":{"line":4,"column":21},"end":{"line":4,"column":71}},"1":{"start":{"line":6,"column":29},"end":{"line":56,"column":1}},"2":{"start":{"line":7,"column":28},"end":{"line":10,"column":4}},"3":{"start":{"line":8,"column":18},"end":{"line":8,"column":47}},"4":{"start":{"line":9,"column":4},"end":{"line":9,"column":27}},"5":{"start":{"line":11,"column":24},"end":{"line":11,"column":36}},"6":{"start":{"line":13,"column":2},"end":{"line":30,"column":14}},"7":{"start":{"line":14,"column":17},"end":{"line":14,"column":41}},"8":{"start":{"line":15,"column":4},"end":{"line":19,"column":5}},"9":{"start":{"line":16,"column":6},"end":{"line":16,"column":33}},"10":{"start":{"line":18,"column":6},"end":{"line":18,"column":36}},"11":{"start":{"line":20,"column":4},"end":{"line":20,"column":41}},"12":{"start":{"line":24,"column":4},"end":{"line":29,"column":14}},"13":{"start":{"line":26,"column":6},"end":{"line":28,"column":13}},"14":{"start":{"line":27,"column":8},"end":{"line":27,"column":43}},"15":{"start":{"line":27,"column":14},"end":{"line":27,"column":32}},"16":{"start":{"line":32,"column":31},"end":{"line":40,"column":3}},"17":{"start":{"line":33,"column":17},"end":{"line":33,"column":41}},"18":{"start":{"line":34,"column":4},"end":{"line":34,"column":43}},"19":{"start":{"line":35,"column":4},"end":{"line":35,"column":67}},"20":{"start":{"line":35,"column":31},"end":{"line":35,"column":67}},"21":{"start":{"line":36,"column":2},"end":{"line":39,"column":10}},"22":{"start":{"line":37,"column":6},"end":{"line":37,"column":48}},"23":{"start":{"line":38,"column":6},"end":{"line":38,"column":35}},"24":{"start":{"line":42,"column":17},"end":{"line":45,"column":3}},"25":{"start":{"line":43,"column":4},"end":{"line":43,"column":27}},"26":{"start":{"line":44,"column":4},"end":{"line":44,"column":55}},"27":{"start":{"line":44,"column":21},"end":{"line":44,"column":52}},"28":{"start":{"line":47,"column":2},"end":{"line":49,"column":9}},"29":{"start":{"line":47,"column":18},"end":{"line":49,"column":3}},"30":{"start":{"line":48,"column":4},"end":{"line":48,"column":67}},"31":{"start":{"line":48,"column":31},"end":{"line":48,"column":67}},"32":{"start":{"line":51,"column":2},"end":{"line":55,"column":4}},"33":{"start":{"line":58,"column":24},"end":{"line":58,"column":54}},"34":{"start":{"line":58,"column":30},"end":{"line":58,"column":54}}},"fnMap":{"0":{"name":"(anonymous_0)","decl":{"start":{"line":4,"column":60},"end":{"line":4,"column":61}},"loc":{"start":{"line":4,"column":66},"end":{"line":4,"column":68}},"line":4},"1":{"name":"(anonymous_1)","decl":{"start":{"line":6,"column":29},"end":{"line":6,"column":30}},"loc":{"start":{"line":6,"column":47},"end":{"line":56,"column":1}},"line":6},"2":{"name":"(anonymous_2)","decl":{"start":{"line":7,"column":37},"end":{"line":7,"column":38}},"loc":{"start":{"line":7,"column":43},"end":{"line":10,"column":3}},"line":7},"3":{"name":"(anonymous_3)","decl":{"start":{"line":13,"column":12},"end":{"line":13,"column":13}},"loc":{"start":{"line":13,"column":18},"end":{"line":30,"column":3}},"line":13},"4":{"name":"(anonymous_4)","decl":{"start":{"line":26,"column":17},"end":{"line":26,"column":18}},"loc":{"start":{"line":26,"column":23},"end":{"line":28,"column":7}},"line":26},"5":{"name":"(anonymous_5)","decl":{"start":{"line":32,"column":31},"end":{"line":32,"column":32}},"loc":{"start":{"line":32,"column":37},"end":{"line":40,"column":3}},"line":32},"6":{"name":"(anonymous_6)","decl":{"start":{"line":36,"column":37},"end":{"line":36,"column":38}},"loc":{"start":{"line":36,"column":43},"end":{"line":39,"column":3}},"line":36},"7":{"name":"(anonymous_7)","decl":{"start":{"line":42,"column":17},"end":{"line":42,"column":18}},"loc":{"start":{"line":42,"column":23},"end":{"line":45,"column":3}},"line":42},"8":{"name":"(anonymous_8)","decl":{"start":{"line":44,"column":13},"end":{"line":44,"column":14}},"loc":{"start":{"line":44,"column":21},"end":{"line":44,"column":52}},"line":44},"9":{"name":"(anonymous_9)","decl":{"start":{"line":47,"column":12},"end":{"line":47,"column":13}},"loc":{"start":{"line":47,"column":18},"end":{"line":49,"column":3}},"line":47},"10":{"name":"(anonymous_10)","decl":{"start":{"line":47,"column":18},"end":{"line":47,"column":19}},"loc":{"start":{"line":47,"column":24},"end":{"line":49,"column":3}},"line":47},"11":{"name":"(anonymous_11)","decl":{"start":{"line":58,"column":24},"end":{"line":58,"column":25}},"loc":{"start":{"line":58,"column":30},"end":{"line":58,"column":54}},"line":58}},"branchMap":{"0":{"loc":{"start":{"line":9,"column":11},"end":{"line":9,"column":26}},"type":"binary-expr","locations":[{"start":{"line":9,"column":11},"end":{"line":9,"column":16}},{"start":{"line":9,"column":20},"end":{"line":9,"column":26}}],"line":9},"1":{"loc":{"start":{"line":15,"column":4},"end":{"line":19,"column":5}},"type":"if","locations":[{"start":{"line":15,"column":4},"end":{"line":19,"column":5}},{"start":{"line":17,"column":11},"end":{"line":19,"column":5}}],"line":15},"2":{"loc":{"start":{"line":35,"column":4},"end":{"line":35,"column":67}},"type":"if","locations":[{"start":{"line":35,"column":4},"end":{"line":35,"column":67}},{"start":{},"end":{}}],"line":35},"3":{"loc":{"start":{"line":44,"column":21},"end":{"line":44,"column":52}},"type":"cond-expr","locations":[{"start":{"line":44,"column":36},"end":{"line":44,"column":43}},{"start":{"line":44,"column":46},"end":{"line":44,"column":52}}],"line":44},"4":{"loc":{"start":{"line":48,"column":4},"end":{"line":48,"column":67}},"type":"if","locations":[{"start":{"line":48,"column":4},"end":{"line":48,"column":67}},{"start":{},"end":{}}],"line":48}},"s":{"0":0,"1":0,"2":0,"3":0,"4":0,"5":0,"6":0,"7":0,"8":0,"9":0,"10":0,"11":0,"12":0,"13":0,"14":0,"15":0,"16":0,"17":0,"18":0,"19":0,"20":0,"21":0,"22":0,"23":0,"24":0,"25":0,"26":0,"27":0,"28":0,"29":0,"30":0,"31":0,"32":0,"33":0,"34":0},"f":{"0":0,"1":0,"2":0,"3":0,"4":0,"5":0,"6":0,"7":0,"8":0,"9":0,"10":0,"11":0},"b":{"0":[0,0],"1":[0,0],"2":[0,0],"3":[0,0],"4":[0,0]}}
,"C:\\Users\\Zhafran\\Documents\\WEBSITE ZHAFRAN\\Portofolio_V5\\src\\components\\TransText.jsx": {"path":"C:\\Users\\Zhafran\\Documents\\WEBSITE ZHAFRAN\\Portofolio_V5\\src\\components\\TransText.jsx","statementMap":{"0":{"start":{"line":7,"column":28},"end":{"line":10,"column":4}},"1":{"start":{"line":8,"column":4},"end":{"line":8,"column":88}},"2":{"start":{"line":8,"column":68},"end":{"line":8,"column":88}},"3":{"start":{"line":9,"column":4},"end":{"line":9,"column":44}},"4":{"start":{"line":11,"column":2},"end":{"line":21,"column":14}},"5":{"start":{"line":12,"column":4},"end":{"line":12,"column":75}},"6":{"start":{"line":12,"column":68},"end":{"line":12,"column":75}},"7":{"start":{"line":13,"column":14},"end":{"line":13,"column":38}},"8":{"start":{"line":14,"column":20},"end":{"line":14,"column":45}},"9":{"start":{"line":14,"column":26},"end":{"line":14,"column":45}},"10":{"start":{"line":15,"column":4},"end":{"line":16,"column":32}},"11":{"start":{"line":15,"column":28},"end":{"line":15,"column":66}},"12":{"start":{"line":16,"column":9},"end":{"line":16,"column":32}},"13":{"start":{"line":17,"column":4},"end":{"line":20,"column":6}},"14":{"start":{"line":18,"column":6},"end":{"line":19,"column":37}},"15":{"start":{"line":18,"column":33},"end":{"line":18,"column":74}},"16":{"start":{"line":19,"column":11},"end":{"line":19,"column":37}},"17":{"start":{"line":22,"column":2},"end":{"line":22,"column":15}},"18":{"start":{"line":26,"column":22},"end":{"line":26,"column":31}},"19":{"start":{"line":27,"column":25},"end":{"line":27,"column":69}},"20":{"start":{"line":28,"column":19},"end":{"line":28,"column":49}},"21":{"start":{"line":30,"column":15},"end":{"line":30,"column":68}},"22":{"start":{"line":31,"column":16},"end":{"line":31,"column":44}},"23":{"start":{"line":33,"column":23},"end":{"line":33,"column":67}},"24":{"start":{"line":35,"column":16},"end":{"line":35,"column":96}},"25":{"start":{"line":35,"column":31},"end":{"line":35,"column":86}},"26":{"start":{"line":36,"column":18},"end":{"line":36,"column":111}},"27":{"start":{"line":36,"column":83},"end":{"line":36,"column":91}},"28":{"start":{"line":39,"column":20},"end":{"line":43,"column":3}},"29":{"start":{"line":44,"column":18},"end":{"line":68,"column":3}},"30":{"start":{"line":45,"column":20},"end":{"line":51,"column":5}},"31":{"start":{"line":60,"column":18},"end":{"line":67,"column":5}},"32":{"start":{"line":71,"column":22},"end":{"line":77,"column":3}},"33":{"start":{"line":79,"column":2},"end":{"line":87,"column":3}},"34":{"start":{"line":80,"column":4},"end":{"line":86,"column":6}},"35":{"start":{"line":89,"column":2},"end":{"line":109,"column":4}},"36":{"start":{"line":94,"column":10},"end":{"line":94,"column":71}},"37":{"start":{"line":94,"column":31},"end":{"line":94,"column":71}},"38":{"start":{"line":95,"column":10},"end":{"line":105,"column":12}},"39":{"start":{"line":112,"column":0},"end":{"line":119,"column":2}}},"fnMap":{"0":{"name":"useMedia","decl":{"start":{"line":6,"column":9},"end":{"line":6,"column":17}},"loc":{"start":{"line":6,"column":47},"end":{"line":23,"column":1}},"line":6},"1":{"name":"(anonymous_1)","decl":{"start":{"line":7,"column":43},"end":{"line":7,"column":44}},"loc":{"start":{"line":7,"column":49},"end":{"line":10,"column":3}},"line":7},"2":{"name":"(anonymous_2)","decl":{"start":{"line":11,"column":18},"end":{"line":11,"column":19}},"loc":{"start":{"line":11,"column":24},"end":{"line":21,"column":3}},"line":11},"3":{"name":"(anonymous_3)","decl":{"start":{"line":14,"column":20},"end":{"line":14,"column":21}},"loc":{"start":{"line":14,"column":26},"end":{"line":14,"column":45}},"line":14},"4":{"name":"(anonymous_4)","decl":{"start":{"line":17,"column":11},"end":{"line":17,"column":12}},"loc":{"start":{"line":17,"column":17},"end":{"line":20,"column":5}},"line":17},"5":{"name":"TransText","decl":{"start":{"line":25,"column":24},"end":{"line":25,"column":33}},"loc":{"start":{"line":25,"column":130},"end":{"line":110,"column":1}},"line":25},"6":{"name":"(anonymous_6)","decl":{"start":{"line":35,"column":24},"end":{"line":35,"column":25}},"loc":{"start":{"line":35,"column":31},"end":{"line":35,"column":86}},"line":35},"7":{"name":"(anonymous_7)","decl":{"start":{"line":36,"column":78},"end":{"line":36,"column":79}},"loc":{"start":{"line":36,"column":83},"end":{"line":36,"column":91}},"line":36},"8":{"name":"(anonymous_8)","decl":{"start":{"line":45,"column":12},"end":{"line":45,"column":13}},"loc":{"start":{"line":45,"column":20},"end":{"line":51,"column":5}},"line":45},"9":{"name":"(anonymous_9)","decl":{"start":{"line":60,"column":10},"end":{"line":60,"column":11}},"loc":{"start":{"line":60,"column":18},"end":{"line":67,"column":5}},"line":60},"10":{"name":"(anonymous_10)","decl":{"start":{"line":93,"column":19},"end":{"line":93,"column":20}},"loc":{"start":{"line":93,"column":29},"end":{"line":106,"column":9}},"line":93}},"branchMap":{"0":{"loc":{"start":{"line":6,"column":25},"end":{"line":6,"column":45}},"type":"default-arg","locations":[{"start":{"line":6,"column":40},"end":{"line":6,"column":45}}],"line":6},"1":{"loc":{"start":{"line":8,"column":4},"end":{"line":8,"column":88}},"type":"if","locations":[{"start":{"line":8,"column":4},"end":{"line":8,"column":88}},{"start":{},"end":{}}],"line":8},"2":{"loc":{"start":{"line":8,"column":8},"end":{"line":8,"column":66}},"type":"binary-expr","locations":[{"start":{"line":8,"column":8},"end":{"line":8,"column":37}},{"start":{"line":8,"column":41},"end":{"line":8,"column":66}}],"line":8},"3":{"loc":{"start":{"line":12,"column":4},"end":{"line":12,"column":75}},"type":"if","locations":[{"start":{"line":12,"column":4},"end":{"line":12,"column":75}},{"start":{},"end":{}}],"line":12},"4":{"loc":{"start":{"line":12,"column":8},"end":{"line":12,"column":66}},"type":"binary-expr","locations":[{"start":{"line":12,"column":8},"end":{"line":12,"column":37}},{"start":{"line":12,"column":41},"end":{"line":12,"column":66}}],"line":12},"5":{"loc":{"start":{"line":15,"column":4},"end":{"line":16,"column":32}},"type":"if","locations":[{"start":{"line":15,"column":4},"end":{"line":16,"column":32}},{"start":{"line":16,"column":9},"end":{"line":16,"column":32}}],"line":15},"6":{"loc":{"start":{"line":18,"column":6},"end":{"line":19,"column":37}},"type":"if","locations":[{"start":{"line":18,"column":6},"end":{"line":19,"column":37}},{"start":{"line":19,"column":11},"end":{"line":19,"column":37}}],"line":18},"7":{"loc":{"start":{"line":25,"column":82},"end":{"line":25,"column":94}},"type":"default-arg","locations":[{"start":{"line":25,"column":88},"end":{"line":25,"column":94}}],"line":25},"8":{"loc":{"start":{"line":25,"column":107},"end":{"line":25,"column":126}},"type":"default-arg","locations":[{"start":{"line":25,"column":122},"end":{"line":25,"column":126}}],"line":25},"9":{"loc":{"start":{"line":30,"column":15},"end":{"line":30,"column":68}},"type":"cond-expr","locations":[{"start":{"line":30,"column":25},"end":{"line":30,"column":45}},{"start":{"line":30,"column":49},"end":{"line":30,"column":67}}],"line":30},"10":{"loc":{"start":{"line":30,"column":49},"end":{"line":30,"column":67}},"type":"binary-expr","locations":[{"start":{"line":30,"column":49},"end":{"line":30,"column":61}},{"start":{"line":30,"column":65},"end":{"line":30,"column":67}}],"line":30},"11":{"loc":{"start":{"line":31,"column":19},"end":{"line":31,"column":34}},"type":"binary-expr","locations":[{"start":{"line":31,"column":19},"end":{"line":31,"column":26}},{"start":{"line":31,"column":30},"end":{"line":31,"column":34}}],"line":31},"12":{"loc":{"start":{"line":33,"column":23},"end":{"line":33,"column":67}},"type":"binary-expr","locations":[{"start":{"line":33,"column":23},"end":{"line":33,"column":35}},{"start":{"line":33,"column":39},"end":{"line":33,"column":54}},{"start":{"line":33,"column":58},"end":{"line":33,"column":67}}],"line":33},"13":{"loc":{"start":{"line":35,"column":31},"end":{"line":35,"column":86}},"type":"cond-expr","locations":[{"start":{"line":35,"column":58},"end":{"line":35,"column":77}},{"start":{"line":35,"column":80},"end":{"line":35,"column":86}}],"line":35},"14":{"loc":{"start":{"line":36,"column":18},"end":{"line":36,"column":111}},"type":"cond-expr","locations":[{"start":{"line":36,"column":45},"end":{"line":36,"column":103}},{"start":{"line":36,"column":106},"end":{"line":36,"column":111}}],"line":36},"15":{"loc":{"start":{"line":36,"column":45},"end":{"line":36,"column":103}},"type":"binary-expr","locations":[{"start":{"line":36,"column":45},"end":{"line":36,"column":61}},{"start":{"line":36,"column":65},"end":{"line":36,"column":103}}],"line":36},"16":{"loc":{"start":{"line":48,"column":10},"end":{"line":48,"column":24}},"type":"cond-expr","locations":[{"start":{"line":48,"column":18},"end":{"line":48,"column":20}},{"start":{"line":48,"column":23},"end":{"line":48,"column":24}}],"line":48},"17":{"loc":{"start":{"line":49,"column":15},"end":{"line":49,"column":29}},"type":"cond-expr","locations":[{"start":{"line":49,"column":23},"end":{"line":49,"column":25}},{"start":{"line":49,"column":28},"end":{"line":49,"column":29}}],"line":49},"18":{"loc":{"start":{"line":63,"column":10},"end":{"line":63,"column":24}},"type":"cond-expr","locations":[{"start":{"line":63,"column":18},"end":{"line":63,"column":19}},{"start":{"line":63,"column":22},"end":{"line":63,"column":24}}],"line":63},"19":{"loc":{"start":{"line":64,"column":15},"end":{"line":64,"column":29}},"type":"cond-expr","locations":[{"start":{"line":64,"column":23},"end":{"line":64,"column":24}},{"start":{"line":64,"column":27},"end":{"line":64,"column":29}}],"line":64},"20":{"loc":{"start":{"line":79,"column":2},"end":{"line":87,"column":3}},"type":"if","locations":[{"start":{"line":79,"column":2},"end":{"line":87,"column":3}},{"start":{},"end":{}}],"line":79},"21":{"loc":{"start":{"line":79,"column":6},"end":{"line":79,"column":30}},"type":"binary-expr","locations":[{"start":{"line":79,"column":6},"end":{"line":79,"column":19}},{"start":{"line":79,"column":23},"end":{"line":79,"column":30}}],"line":79},"22":{"loc":{"start":{"line":94,"column":10},"end":{"line":94,"column":71}},"type":"if","locations":[{"start":{"line":94,"column":10},"end":{"line":94,"column":71}},{"start":{},"end":{}}],"line":94}},"s":{"0":0,"1":0,"2":0,"3":0,"4":0,"5":0,"6":0,"7":0,"8":0,"9":0,"10":0,"11":0,"12":0,"13":0,"14":0,"15":0,"16":0,"17":0,"18":0,"19":0,"20":0,"21":0,"22":0,"23":0,"24":0,"25":0,"26":0,"27":0,"28":0,"29":0,"30":0,"31":0,"32":0,"33":0,"34":0,"35":0,"36":0,"37":0,"38":0,"39":0},"f":{"0":0,"1":0,"2":0,"3":0,"4":0,"5":0,"6":0,"7":0,"8":0,"9":0,"10":0},"b":{"0":[0],"1":[0,0],"2":[0,0],"3":[0,0],"4":[0,0],"5":[0,0],"6":[0,0],"7":[0],"8":[0],"9":[0,0],"10":[0,0],"11":[0,0],"12":[0,0,0],"13":[0,0],"14":[0,0],"15":[0,0],"16":[0,0],"17":[0,0],"18":[0,0],"19":[0,0],"20":[0,0],"21":[0,0],"22":[0,0]}}
,"C:\\Users\\Zhafran\\Documents\\WEBSITE ZHAFRAN\\Portofolio_V5\\src\\constants\\index.js": {"path":"C:\\Users\\Zhafran\\Documents\\WEBSITE ZHAFRAN\\Portofolio_V5\\src\\constants\\index.js","statementMap":{"0":{"start":{"line":4,"column":28},"end":{"line":4,"column":31}},"1":{"start":{"line":5,"column":29},"end":{"line":5,"column":31}},"2":{"start":{"line":6,"column":30},"end":{"line":6,"column":34}},"3":{"start":{"line":9,"column":26},"end":{"line":9,"column":72}},"4":{"start":{"line":12,"column":28},"end":{"line":16,"column":1}},"5":{"start":{"line":19,"column":24},"end":{"line":24,"column":1}},"6":{"start":{"line":26,"column":24},"end":{"line":31,"column":1}}},"fnMap":{},"branchMap":{},"s":{"0":0,"1":0,"2":0,"3":0,"4":0,"5":0,"6":0},"f":{},"b":{}}
,"C:\\Users\\Zhafran\\Documents\\WEBSITE ZHAFRAN\\Portofolio_V5\\src\\utils\\test-utils.js": {"path":"C:\\Users\\Zhafran\\Documents\\WEBSITE ZHAFRAN\\Portofolio_V5\\src\\utils\\test-utils.js","statementMap":{"0":{"start":{"line":9,"column":26},"end":{"line":19,"column":3}},"1":{"start":{"line":10,"column":4},"end":{"line":18,"column":6}},"2":{"start":{"line":21,"column":2},"end":{"line":21,"column":62}},"3":{"start":{"line":25,"column":31},"end":{"line":32,"column":1}},"4":{"start":{"line":34,"column":28},"end":{"line":39,"column":1}},"5":{"start":{"line":42,"column":23},"end":{"line":42,"column":78}},"6":{"start":{"line":42,"column":31},"end":{"line":42,"column":78}},"7":{"start":{"line":42,"column":54},"end":{"line":42,"column":77}}},"fnMap":{"0":{"name":"renderWithProviders","decl":{"start":{"line":8,"column":16},"end":{"line":8,"column":35}},"loc":{"start":{"line":8,"column":54},"end":{"line":22,"column":1}},"line":8},"1":{"name":"(anonymous_1)","decl":{"start":{"line":9,"column":26},"end":{"line":9,"column":27}},"loc":{"start":{"line":9,"column":44},"end":{"line":19,"column":3}},"line":9},"2":{"name":"(anonymous_2)","decl":{"start":{"line":42,"column":23},"end":{"line":42,"column":24}},"loc":{"start":{"line":42,"column":31},"end":{"line":42,"column":78}},"line":42},"3":{"name":"(anonymous_3)","decl":{"start":{"line":42,"column":43},"end":{"line":42,"column":44}},"loc":{"start":{"line":42,"column":54},"end":{"line":42,"column":77}},"line":42}},"branchMap":{"0":{"loc":{"start":{"line":8,"column":40},"end":{"line":8,"column":52}},"type":"default-arg","locations":[{"start":{"line":8,"column":50},"end":{"line":8,"column":52}}],"line":8}},"s":{"0":0,"1":0,"2":0,"3":0,"4":0,"5":0,"6":0,"7":0},"f":{"0":0,"1":0,"2":0,"3":0},"b":{"0":[0]}}
}
