TN:
SF:src\App.jsx
FN:11,(anonymous_0)
FN:12,(anonymous_1)
FN:13,(anonymous_2)
FN:14,(anonymous_3)
FN:15,(anonymous_4)
FN:16,(anonymous_5)
FN:17,(anonymous_6)
FN:18,(anonymous_7)
FN:23,(anonymous_8)
FN:31,shouldShowWelcome
FN:41,(anonymous_10)
FN:43,(anonymous_11)
FN:53,(anonymous_12)
FN:55,(anonymous_13)
FN:59,(anonymous_14)
FN:66,(anonymous_15)
FN:72,(anonymous_16)
FN:74,(anonymous_17)
FN:172,(anonymous_18)
FN:205,App
FN:206,(anonymous_20)
FN:231,IdlePreloader
FN:232,(anonymous_22)
FN:233,(anonymous_23)
FN:234,(anonymous_24)
FN:239,(anonymous_25)
FNF:26
FNH:0
FNDA:0,(anonymous_0)
FNDA:0,(anonymous_1)
FNDA:0,(anonymous_2)
FNDA:0,(anonymous_3)
FNDA:0,(anonymous_4)
FNDA:0,(anonymous_5)
FNDA:0,(anonymous_6)
FNDA:0,(anonymous_7)
FNDA:0,(anonymous_8)
FNDA:0,shouldShowWelcome
FNDA:0,(anonymous_10)
FNDA:0,(anonymous_11)
FNDA:0,(anonymous_12)
FNDA:0,(anonymous_13)
FNDA:0,(anonymous_14)
FNDA:0,(anonymous_15)
FNDA:0,(anonymous_16)
FNDA:0,(anonymous_17)
FNDA:0,(anonymous_18)
FNDA:0,App
FNDA:0,(anonymous_20)
FNDA:0,IdlePreloader
FNDA:0,(anonymous_22)
FNDA:0,(anonymous_23)
FNDA:0,(anonymous_24)
FNDA:0,(anonymous_25)
DA:11,0
DA:12,0
DA:13,0
DA:14,0
DA:15,0
DA:16,0
DA:17,0
DA:18,0
DA:23,0
DA:28,0
DA:32,0
DA:33,0
DA:34,0
DA:35,0
DA:38,0
DA:41,0
DA:43,0
DA:44,0
DA:45,0
DA:46,0
DA:47,0
DA:53,0
DA:54,0
DA:55,0
DA:56,0
DA:57,0
DA:59,0
DA:61,0
DA:67,0
DA:68,0
DA:69,0
DA:72,0
DA:73,0
DA:74,0
DA:75,0
DA:76,0
DA:77,0
DA:78,0
DA:79,0
DA:172,0
DA:173,0
DA:206,0
DA:208,0
DA:232,0
DA:233,0
DA:234,0
DA:236,0
DA:239,0
DA:240,0
DA:243,0
LF:50
LH:0
BRDA:33,0,0,0
BRDA:33,0,1,0
BRDA:45,1,0,0
BRDA:45,1,1,0
BRDA:47,2,0,0
BRDA:47,2,1,0
BRDA:54,3,0,0
BRDA:54,3,1,0
BRDA:64,4,0,0
BRDA:64,4,1,0
BRDA:75,5,0,0
BRDA:75,5,1,0
BRDA:76,6,0,0
BRDA:76,6,1,0
BRDA:78,7,0,0
BRDA:78,7,1,0
BRDA:78,8,0,0
BRDA:78,8,1,0
BRDA:79,9,0,0
BRDA:79,9,1,0
BRDA:88,10,0,0
BRDA:88,10,1,0
BRDA:236,11,0,0
BRDA:236,11,1,0
BRDA:240,12,0,0
BRDA:240,12,1,0
BRF:26
BRH:0
end_of_record
TN:
SF:src\supabase.js
FNF:0
FNH:0
DA:4,0
DA:5,0
DA:7,0
DA:8,0
DA:9,0
DA:10,0
DA:13,0
LF:7
LH:0
BRDA:7,0,0,0
BRDA:7,0,1,0
BRDA:7,1,0,0
BRDA:7,1,1,0
BRF:4
BRH:0
end_of_record
TN:
SF:src\Pages\404.jsx
FN:6,NotFoundPage
FN:8,(anonymous_1)
FN:12,(anonymous_2)
FNF:3
FNH:0
FNDA:0,NotFoundPage
FNDA:0,(anonymous_1)
FNDA:0,(anonymous_2)
DA:7,0
DA:8,0
DA:9,0
DA:12,0
DA:14,0
DA:17,0
LF:6
LH:0
BRF:0
BRH:0
end_of_record
TN:
SF:src\Pages\About.jsx
FN:9,(anonymous_0)
FN:32,(anonymous_1)
FN:79,(anonymous_2)
FN:123,(anonymous_3)
FN:125,(anonymous_4)
FN:132,(anonymous_5)
FN:133,(anonymous_6)
FN:145,(anonymous_7)
FN:151,(anonymous_8)
FN:159,(anonymous_9)
FN:274,(anonymous_10)
FNF:11
FNH:0
FNDA:0,(anonymous_0)
FNDA:0,(anonymous_1)
FNDA:0,(anonymous_2)
FNDA:0,(anonymous_3)
FNDA:0,(anonymous_4)
FNDA:0,(anonymous_5)
FNDA:0,(anonymous_6)
FNDA:0,(anonymous_7)
FNDA:0,(anonymous_8)
FNDA:0,(anonymous_9)
FNDA:0,(anonymous_10)
DA:9,0
DA:10,0
DA:32,0
DA:33,0
DA:79,0
DA:80,0
DA:123,0
DA:125,0
DA:132,0
DA:133,0
DA:134,0
DA:141,0
DA:145,0
DA:146,0
DA:147,0
DA:150,0
DA:151,0
DA:152,0
DA:153,0
DA:158,0
DA:159,0
DA:186,0
DA:275,0
LF:23
LH:0
BRF:0
BRH:0
end_of_record
TN:
SF:src\Pages\ComingSoon.jsx
FN:7,ComingSoon
FN:10,(anonymous_1)
FN:14,(anonymous_2)
FNF:3
FNH:0
FNDA:0,ComingSoon
FNDA:0,(anonymous_1)
FNDA:0,(anonymous_2)
DA:8,0
DA:9,0
DA:10,0
DA:11,0
DA:14,0
DA:15,0
DA:16,0
DA:19,0
LF:8
LH:0
BRF:0
BRH:0
end_of_record
TN:
SF:src\Pages\Contact.jsx
FN:12,(anonymous_0)
FN:21,(anonymous_1)
FN:31,(anonymous_2)
FN:33,(anonymous_3)
FN:39,(anonymous_4)
FN:47,(anonymous_5)
FNF:6
FNH:0
FNDA:0,(anonymous_0)
FNDA:0,(anonymous_1)
FNDA:0,(anonymous_2)
FNDA:0,(anonymous_3)
FNDA:0,(anonymous_4)
FNDA:0,(anonymous_5)
DA:12,0
DA:13,0
DA:14,0
DA:15,0
DA:20,0
DA:21,0
DA:22,0
DA:31,0
DA:32,0
DA:33,0
DA:39,0
DA:40,0
DA:41,0
DA:43,0
DA:48,0
DA:52,0
DA:54,0
DA:57,0
DA:58,0
DA:59,0
DA:60,0
DA:61,0
DA:62,0
DA:63,0
DA:65,0
DA:70,0
DA:79,0
DA:86,0
DA:87,0
DA:96,0
DA:102,0
DA:110,0
DA:114,0
LF:33
LH:0
BRDA:14,0,0,0
BRDA:14,0,1,0
BRDA:26,1,0,0
BRDA:26,1,1,0
BRDA:86,2,0,0
BRDA:86,2,1,0
BRDA:86,3,0,0
BRDA:86,3,1,0
BRDA:157,4,0,0
BRDA:157,4,1,0
BRDA:158,5,0,0
BRDA:158,5,1,0
BRDA:174,6,0,0
BRDA:174,6,1,0
BRDA:175,7,0,0
BRDA:175,7,1,0
BRDA:191,8,0,0
BRDA:191,8,1,0
BRDA:192,9,0,0
BRDA:192,9,1,0
BRDA:207,10,0,0
BRDA:207,10,1,0
BRDA:208,11,0,0
BRDA:208,11,1,0
BRDA:214,12,0,0
BRDA:214,12,1,0
BRF:26
BRH:0
end_of_record
TN:
SF:src\Pages\Gallery.jsx
FN:21,a11yProps
FN:28,TabPanel
FN:36,(anonymous_2)
FN:49,Gallery
FN:59,(anonymous_4)
FN:71,(anonymous_5)
FN:74,(anonymous_6)
FN:77,(anonymous_7)
FN:81,(anonymous_8)
FN:83,(anonymous_9)
FN:87,(anonymous_10)
FN:94,(anonymous_11)
FN:95,(anonymous_12)
FN:98,(anonymous_13)
FN:101,(anonymous_14)
FN:105,(anonymous_15)
FN:125,(anonymous_16)
FN:131,(anonymous_17)
FN:141,(anonymous_18)
FN:193,(anonymous_19)
FN:200,(anonymous_20)
FN:205,(anonymous_21)
FN:213,(anonymous_22)
FN:223,(anonymous_23)
FN:231,(anonymous_24)
FN:236,(anonymous_25)
FN:271,(anonymous_26)
FN:276,(anonymous_27)
FN:276,(anonymous_28)
FN:296,(anonymous_29)
FN:303,(anonymous_30)
FN:311,(anonymous_31)
FNF:32
FNH:0
FNDA:0,a11yProps
FNDA:0,TabPanel
FNDA:0,(anonymous_2)
FNDA:0,Gallery
FNDA:0,(anonymous_4)
FNDA:0,(anonymous_5)
FNDA:0,(anonymous_6)
FNDA:0,(anonymous_7)
FNDA:0,(anonymous_8)
FNDA:0,(anonymous_9)
FNDA:0,(anonymous_10)
FNDA:0,(anonymous_11)
FNDA:0,(anonymous_12)
FNDA:0,(anonymous_13)
FNDA:0,(anonymous_14)
FNDA:0,(anonymous_15)
FNDA:0,(anonymous_16)
FNDA:0,(anonymous_17)
FNDA:0,(anonymous_18)
FNDA:0,(anonymous_19)
FNDA:0,(anonymous_20)
FNDA:0,(anonymous_21)
FNDA:0,(anonymous_22)
FNDA:0,(anonymous_23)
FNDA:0,(anonymous_24)
FNDA:0,(anonymous_25)
FNDA:0,(anonymous_26)
FNDA:0,(anonymous_27)
FNDA:0,(anonymous_28)
FNDA:0,(anonymous_29)
FNDA:0,(anonymous_30)
FNDA:0,(anonymous_31)
DA:15,0
DA:22,0
DA:29,0
DA:36,0
DA:37,0
DA:39,0
DA:41,0
DA:43,0
DA:45,0
DA:50,0
DA:51,0
DA:52,0
DA:53,0
DA:54,0
DA:55,0
DA:56,0
DA:57,0
DA:59,0
DA:60,0
DA:61,0
DA:62,0
DA:63,0
DA:64,0
DA:65,0
DA:67,0
DA:69,0
DA:71,0
DA:72,0
DA:74,0
DA:75,0
DA:77,0
DA:81,0
DA:82,0
DA:83,0
DA:84,0
DA:85,0
DA:86,0
DA:87,0
DA:88,0
DA:89,0
DA:94,0
DA:95,0
DA:96,0
DA:98,0
DA:101,0
DA:102,0
DA:105,0
DA:106,0
DA:107,0
DA:108,0
DA:112,0
DA:113,0
DA:114,0
DA:117,0
DA:118,0
DA:119,0
DA:121,0
DA:125,0
DA:126,0
DA:127,0
DA:128,0
DA:131,0
DA:132,0
DA:133,0
DA:134,0
DA:135,0
DA:136,0
DA:138,0
DA:141,0
DA:143,0
DA:194,0
DA:201,0
DA:206,0
DA:214,0
DA:215,0
DA:216,0
DA:217,0
DA:223,0
DA:224,0
DA:231,0
DA:237,0
DA:239,0
DA:240,0
DA:241,0
DA:242,0
DA:272,0
DA:273,0
DA:276,0
DA:296,0
DA:303,0
DA:311,0
LF:91
LH:0
BRDA:31,0,0,0
BRDA:31,0,1,0
BRDA:37,1,0,0
BRDA:37,1,1,0
BRDA:37,1,2,0
BRDA:37,1,3,0
BRDA:55,2,0,0
BRDA:55,2,1,0
BRDA:56,3,0,0
BRDA:56,3,1,0
BRDA:62,4,0,0
BRDA:62,4,1,0
BRDA:63,5,0,0
BRDA:63,5,1,0
BRDA:64,6,0,0
BRDA:64,6,1,0
BRDA:64,6,2,0
BRDA:65,7,0,0
BRDA:65,7,1,0
BRDA:82,8,0,0
BRDA:82,8,1,0
BRDA:83,9,0,0
BRDA:83,9,1,0
BRDA:112,10,0,0
BRDA:112,10,1,0
BRDA:113,11,0,0
BRDA:113,11,1,0
BRDA:114,12,0,0
BRDA:114,12,1,0
BRDA:118,13,0,0
BRDA:118,13,1,0
BRDA:127,14,0,0
BRDA:127,14,1,0
BRDA:134,15,0,0
BRDA:134,15,1,0
BRDA:135,16,0,0
BRDA:135,16,1,0
BRDA:203,17,0,0
BRDA:203,17,1,0
BRDA:214,18,0,0
BRDA:214,18,1,0
BRDA:215,19,0,0
BRDA:215,19,1,0
BRDA:216,20,0,0
BRDA:216,20,1,0
BRDA:225,21,0,0
BRDA:225,21,1,0
BRDA:226,22,0,0
BRDA:226,22,1,0
BRDA:226,23,0,0
BRDA:226,23,1,0
BRDA:227,24,0,0
BRDA:227,24,1,0
BRDA:231,25,0,0
BRDA:231,25,1,0
BRDA:237,26,0,0
BRDA:237,26,1,0
BRDA:240,27,0,0
BRDA:240,27,1,0
BRDA:241,28,0,0
BRDA:241,28,1,0
BRDA:244,29,0,0
BRDA:244,29,1,0
BRDA:247,30,0,0
BRDA:247,30,1,0
BRDA:249,31,0,0
BRDA:249,31,1,0
BRDA:251,32,0,0
BRDA:251,32,1,0
BRDA:259,33,0,0
BRDA:259,33,1,0
BRDA:272,34,0,0
BRDA:272,34,1,0
BRDA:273,35,0,0
BRDA:273,35,1,0
BRDA:280,36,0,0
BRDA:280,36,1,0
BRDA:293,37,0,0
BRDA:293,37,1,0
BRDA:338,38,0,0
BRDA:338,38,1,0
BRDA:344,39,0,0
BRDA:344,39,1,0
BRF:83
BRH:0
end_of_record
TN:
SF:src\Pages\Home.jsx
FN:5,(anonymous_0)
FN:21,(anonymous_1)
FN:42,(anonymous_2)
FN:62,(anonymous_3)
FN:72,(anonymous_4)
FN:74,(anonymous_5)
FN:79,(anonymous_6)
FN:81,(anonymous_7)
FN:144,(anonymous_8)
FN:170,(anonymous_9)
FN:179,(anonymous_10)
FN:184,(anonymous_11)
FN:189,(anonymous_12)
FN:197,(anonymous_13)
FN:198,(anonymous_14)
FN:201,(anonymous_15)
FN:203,(anonymous_16)
FN:205,(anonymous_17)
FN:211,(anonymous_18)
FN:213,(anonymous_19)
FN:217,(anonymous_20)
FN:221,(anonymous_21)
FN:228,(anonymous_22)
FN:228,(anonymous_23)
FN:232,(anonymous_24)
FN:235,(anonymous_25)
FN:236,(anonymous_26)
FN:238,(anonymous_27)
FN:242,(anonymous_28)
FN:243,(anonymous_29)
FN:245,(anonymous_30)
FN:251,(anonymous_31)
FN:256,(anonymous_32)
FN:291,(anonymous_33)
FN:304,(anonymous_34)
FN:313,(anonymous_35)
FN:314,(anonymous_36)
FNF:37
FNH:0
FNDA:0,(anonymous_0)
FNDA:0,(anonymous_1)
FNDA:0,(anonymous_2)
FNDA:0,(anonymous_3)
FNDA:0,(anonymous_4)
FNDA:0,(anonymous_5)
FNDA:0,(anonymous_6)
FNDA:0,(anonymous_7)
FNDA:0,(anonymous_8)
FNDA:0,(anonymous_9)
FNDA:0,(anonymous_10)
FNDA:0,(anonymous_11)
FNDA:0,(anonymous_12)
FNDA:0,(anonymous_13)
FNDA:0,(anonymous_14)
FNDA:0,(anonymous_15)
FNDA:0,(anonymous_16)
FNDA:0,(anonymous_17)
FNDA:0,(anonymous_18)
FNDA:0,(anonymous_19)
FNDA:0,(anonymous_20)
FNDA:0,(anonymous_21)
FNDA:0,(anonymous_22)
FNDA:0,(anonymous_23)
FNDA:0,(anonymous_24)
FNDA:0,(anonymous_25)
FNDA:0,(anonymous_26)
FNDA:0,(anonymous_27)
FNDA:0,(anonymous_28)
FNDA:0,(anonymous_29)
FNDA:0,(anonymous_30)
FNDA:0,(anonymous_31)
FNDA:0,(anonymous_32)
FNDA:0,(anonymous_33)
FNDA:0,(anonymous_34)
FNDA:0,(anonymous_35)
FNDA:0,(anonymous_36)
DA:5,0
DA:21,0
DA:22,0
DA:23,0
DA:42,0
DA:43,0
DA:62,0
DA:63,0
DA:68,0
DA:72,0
DA:73,0
DA:74,0
DA:75,0
DA:76,0
DA:77,0
DA:78,0
DA:79,0
DA:80,0
DA:81,0
DA:82,0
DA:83,0
DA:84,0
DA:85,0
DA:86,0
DA:87,0
DA:89,0
DA:91,0
DA:93,0
DA:94,0
DA:95,0
DA:96,0
DA:97,0
DA:100,0
DA:101,0
DA:102,0
DA:104,0
DA:107,0
DA:109,0
DA:112,0
DA:113,0
DA:114,0
DA:115,0
DA:119,0
DA:138,0
DA:144,0
DA:145,0
DA:146,0
DA:148,0
DA:155,0
DA:156,0
DA:163,0
DA:170,0
DA:171,0
DA:172,0
DA:173,0
DA:174,0
DA:175,0
DA:176,0
DA:177,0
DA:179,0
DA:180,0
DA:184,0
DA:185,0
DA:186,0
DA:187,0
DA:188,0
DA:189,0
DA:190,0
DA:197,0
DA:198,0
DA:199,0
DA:201,0
DA:202,0
DA:203,0
DA:204,0
DA:205,0
DA:206,0
DA:207,0
DA:211,0
DA:212,0
DA:213,0
DA:217,0
DA:218,0
DA:219,0
DA:220,0
DA:221,0
DA:222,0
DA:223,0
DA:224,0
DA:225,0
DA:226,0
DA:228,0
DA:232,0
DA:233,0
DA:234,0
DA:235,0
DA:236,0
DA:238,0
DA:241,0
DA:242,0
DA:243,0
DA:245,0
DA:246,0
DA:251,0
DA:252,0
DA:256,0
DA:260,0
DA:261,0
DA:263,0
DA:292,0
DA:305,0
DA:313,0
DA:314,0
LF:113
LH:0
BRDA:75,0,0,0
BRDA:75,0,1,0
BRDA:76,1,0,0
BRDA:76,1,1,0
BRDA:83,2,0,0
BRDA:83,2,1,0
BRDA:89,3,0,0
BRDA:89,3,1,0
BRDA:93,4,0,0
BRDA:93,4,1,0
BRDA:93,4,2,0
BRDA:94,5,0,0
BRDA:94,5,1,0
BRDA:95,6,0,0
BRDA:95,6,1,0
BRDA:112,7,0,0
BRDA:112,7,1,0
BRDA:131,8,0,0
BRDA:131,8,1,0
BRDA:145,9,0,0
BRDA:145,9,1,0
BRDA:155,10,0,0
BRDA:155,10,1,0
BRDA:157,11,0,0
BRDA:157,11,1,0
BRDA:157,12,0,0
BRDA:157,12,1,0
BRDA:180,13,0,0
BRDA:180,13,1,0
BRDA:187,14,0,0
BRDA:187,14,1,0
BRDA:201,15,0,0
BRDA:201,15,1,0
BRDA:206,16,0,0
BRDA:206,16,1,0
BRDA:218,17,0,0
BRDA:218,17,1,0
BRDA:219,18,0,0
BRDA:219,18,1,0
BRDA:233,19,0,0
BRDA:233,19,1,0
BRDA:234,20,0,0
BRDA:234,20,1,0
BRDA:241,21,0,0
BRDA:241,21,1,0
BRDA:254,22,0,0
BRDA:254,22,1,0
BRDA:265,23,0,0
BRDA:265,23,1,0
BRDA:320,24,0,0
BRDA:320,24,1,0
BRDA:327,25,0,0
BRDA:327,25,1,0
BRDA:336,26,0,0
BRDA:336,26,1,0
BRDA:339,27,0,0
BRDA:339,27,1,0
BRF:57
BRH:0
end_of_record
TN:
SF:src\Pages\Portofolio.jsx
FN:19,(anonymous_0)
FN:77,TabPanel
FN:101,a11yProps
FN:146,FullWidthTabs
FN:156,(anonymous_4)
FN:158,(anonymous_5)
FN:161,(anonymous_6)
FN:165,(anonymous_7)
FN:194,(anonymous_8)
FN:207,(anonymous_9)
FN:211,(anonymous_10)
FN:213,(anonymous_11)
FN:215,(anonymous_12)
FN:311,(anonymous_13)
FN:332,(anonymous_14)
FN:349,(anonymous_15)
FN:364,(anonymous_16)
FN:373,(anonymous_17)
FN:380,(anonymous_18)
FNF:19
FNH:0
FNDA:0,(anonymous_0)
FNDA:0,TabPanel
FNDA:0,a11yProps
FNDA:0,FullWidthTabs
FNDA:0,(anonymous_4)
FNDA:0,(anonymous_5)
FNDA:0,(anonymous_6)
FNDA:0,(anonymous_7)
FNDA:0,(anonymous_8)
FNDA:0,(anonymous_9)
FNDA:0,(anonymous_10)
FNDA:0,(anonymous_11)
FNDA:0,(anonymous_12)
FNDA:0,(anonymous_13)
FNDA:0,(anonymous_14)
FNDA:0,(anonymous_15)
FNDA:0,(anonymous_16)
FNDA:0,(anonymous_17)
FNDA:0,(anonymous_18)
DA:19,0
DA:20,0
DA:71,0
DA:78,0
DA:95,0
DA:102,0
DA:109,0
DA:147,0
DA:148,0
DA:149,0
DA:150,0
DA:151,0
DA:152,0
DA:153,0
DA:154,0
DA:156,0
DA:157,0
DA:158,0
DA:159,0
DA:161,0
DA:165,0
DA:166,0
DA:168,0
DA:174,0
DA:175,0
DA:178,0
DA:179,0
DA:181,0
DA:182,0
DA:185,0
DA:186,0
DA:188,0
DA:194,0
DA:196,0
DA:197,0
DA:199,0
DA:200,0
DA:201,0
DA:204,0
DA:207,0
DA:208,0
DA:211,0
DA:212,0
DA:213,0
DA:215,0
DA:219,0
DA:220,0
DA:223,0
DA:312,0
DA:332,0
DA:350,0
DA:364,0
DA:374,0
DA:381,0
LF:54
LH:0
BRDA:47,0,0,0
BRDA:47,0,1,0
BRDA:61,1,0,0
BRDA:61,1,1,0
BRDA:64,2,0,0
BRDA:64,2,1,0
BRDA:86,3,0,0
BRDA:86,3,1,0
BRDA:154,4,0,0
BRDA:154,4,1,0
BRDA:174,5,0,0
BRDA:174,5,1,0
BRDA:175,6,0,0
BRDA:175,6,1,0
BRDA:178,7,0,0
BRDA:178,7,1,0
BRDA:179,8,0,0
BRDA:179,8,1,0
BRDA:199,9,0,0
BRDA:199,9,1,0
BRDA:199,10,0,0
BRDA:199,10,1,0
BRDA:212,11,0,0
BRDA:212,11,1,0
BRDA:219,12,0,0
BRDA:219,12,1,0
BRDA:220,13,0,0
BRDA:220,13,1,0
BRDA:303,14,0,0
BRDA:303,14,1,0
BRDA:313,15,0,0
BRDA:313,15,1,0
BRDA:314,16,0,0
BRDA:314,16,1,0
BRDA:314,17,0,0
BRDA:314,17,1,0
BRDA:315,18,0,0
BRDA:315,18,1,0
BRDA:315,19,0,0
BRDA:315,19,1,0
BRDA:329,20,0,0
BRDA:329,20,1,0
BRDA:329,20,2,0
BRDA:341,21,0,0
BRDA:341,21,1,0
BRDA:351,22,0,0
BRDA:351,22,1,0
BRDA:352,23,0,0
BRDA:352,23,1,0
BRDA:352,24,0,0
BRDA:352,24,1,0
BRDA:353,25,0,0
BRDA:353,25,1,0
BRDA:353,26,0,0
BRDA:353,26,1,0
BRDA:361,27,0,0
BRDA:361,27,1,0
BRDA:361,27,2,0
BRDA:383,28,0,0
BRDA:383,28,1,0
BRDA:383,29,0,0
BRDA:383,29,1,0
BRDA:384,30,0,0
BRDA:384,30,1,0
BRDA:384,31,0,0
BRDA:384,31,1,0
BRF:66
BRH:0
end_of_record
TN:
SF:src\Pages\ThankYou.jsx
FN:7,(anonymous_0)
FNF:1
FNH:0
FNDA:0,(anonymous_0)
DA:7,0
DA:8,0
DA:9,0
LF:3
LH:0
BRF:0
BRH:0
end_of_record
TN:
SF:src\Pages\WelcomeScreen.jsx
FN:8,(anonymous_0)
FN:11,(anonymous_1)
FN:13,(anonymous_2)
FN:22,(anonymous_3)
FN:33,(anonymous_4)
FN:40,(anonymous_5)
FN:49,(anonymous_6)
FN:52,(anonymous_7)
FN:59,(anonymous_8)
FN:61,(anonymous_9)
FN:66,(anonymous_10)
FN:119,(anonymous_11)
FNF:12
FNH:0
FNDA:0,(anonymous_0)
FNDA:0,(anonymous_1)
FNDA:0,(anonymous_2)
FNDA:0,(anonymous_3)
FNDA:0,(anonymous_4)
FNDA:0,(anonymous_5)
FNDA:0,(anonymous_6)
FNDA:0,(anonymous_7)
FNDA:0,(anonymous_8)
FNDA:0,(anonymous_9)
FNDA:0,(anonymous_10)
FNDA:0,(anonymous_11)
DA:8,0
DA:9,0
DA:11,0
DA:12,0
DA:13,0
DA:14,0
DA:15,0
DA:16,0
DA:18,0
DA:22,0
DA:25,0
DA:33,0
DA:34,0
DA:40,0
DA:41,0
DA:49,0
DA:50,0
DA:52,0
DA:53,0
DA:59,0
DA:60,0
DA:61,0
DA:62,0
DA:66,0
DA:67,0
DA:68,0
DA:70,0
DA:75,0
DA:89,0
DA:100,0
DA:120,0
LF:31
LH:0
BRDA:14,0,0,0
BRDA:14,0,1,0
BRDA:70,1,0,0
BRDA:70,1,1,0
BRDA:70,2,0,0
BRDA:70,2,1,0
BRDA:102,3,0,0
BRDA:102,3,1,0
BRF:8
BRH:0
end_of_record
TN:
SF:src\components\AudioPrompt.jsx
FN:5,AudioPrompt
FN:13,(anonymous_1)
FNF:2
FNH:0
FNDA:0,AudioPrompt
FNDA:0,(anonymous_1)
DA:6,0
DA:8,0
DA:10,0
DA:13,0
LF:4
LH:0
BRDA:8,0,0,0
BRDA:8,0,1,0
BRDA:13,1,0,0
BRDA:13,1,1,0
BRF:4
BRH:0
end_of_record
TN:
SF:src\components\AudioProvider.jsx
FN:5,AudioProvider
FN:9,(anonymous_1)
FN:21,(anonymous_2)
FN:26,(anonymous_3)
FN:33,(anonymous_4)
FN:34,(anonymous_5)
FN:35,(anonymous_6)
FN:40,(anonymous_7)
FN:49,(anonymous_8)
FN:54,(anonymous_9)
FN:60,(anonymous_10)
FN:62,(anonymous_11)
FN:66,(anonymous_12)
FN:74,(anonymous_13)
FN:87,(anonymous_14)
FN:88,(anonymous_15)
FN:88,(anonymous_16)
FN:89,(anonymous_17)
FN:90,(anonymous_18)
FN:92,(anonymous_19)
FN:102,useAudio
FN:108,AudioGlobalBridge
FN:109,(anonymous_22)
FN:112,(anonymous_23)
FN:113,(anonymous_24)
FNF:25
FNH:0
FNDA:0,AudioProvider
FNDA:0,(anonymous_1)
FNDA:0,(anonymous_2)
FNDA:0,(anonymous_3)
FNDA:0,(anonymous_4)
FNDA:0,(anonymous_5)
FNDA:0,(anonymous_6)
FNDA:0,(anonymous_7)
FNDA:0,(anonymous_8)
FNDA:0,(anonymous_9)
FNDA:0,(anonymous_10)
FNDA:0,(anonymous_11)
FNDA:0,(anonymous_12)
FNDA:0,(anonymous_13)
FNDA:0,(anonymous_14)
FNDA:0,(anonymous_15)
FNDA:0,(anonymous_16)
FNDA:0,(anonymous_17)
FNDA:0,(anonymous_18)
FNDA:0,(anonymous_19)
FNDA:0,useAudio
FNDA:0,AudioGlobalBridge
FNDA:0,(anonymous_22)
FNDA:0,(anonymous_23)
FNDA:0,(anonymous_24)
DA:3,0
DA:6,0
DA:7,0
DA:8,0
DA:9,0
DA:10,0
DA:11,0
DA:12,0
DA:15,0
DA:16,0
DA:17,0
DA:18,0
DA:19,0
DA:21,0
DA:22,0
DA:26,0
DA:27,0
DA:28,0
DA:29,0
DA:30,0
DA:31,0
DA:32,0
DA:33,0
DA:34,0
DA:35,0
DA:36,0
DA:37,0
DA:38,0
DA:39,0
DA:40,0
DA:41,0
DA:42,0
DA:43,0
DA:44,0
DA:49,0
DA:50,0
DA:54,0
DA:55,0
DA:56,0
DA:60,0
DA:61,0
DA:62,0
DA:66,0
DA:67,0
DA:68,0
DA:69,0
DA:70,0
DA:73,0
DA:74,0
DA:75,0
DA:76,0
DA:77,0
DA:78,0
DA:79,0
DA:81,0
DA:82,0
DA:83,0
DA:87,0
DA:88,0
DA:89,0
DA:90,0
DA:92,0
DA:94,0
DA:103,0
DA:104,0
DA:105,0
DA:109,0
DA:110,0
DA:111,0
DA:112,0
DA:113,0
DA:115,0
LF:72
LH:0
BRDA:5,0,0,0
BRDA:5,1,0,0
BRDA:12,2,0,0
BRDA:12,2,1,0
BRDA:16,3,0,0
BRDA:16,3,1,0
BRDA:50,4,0,0
BRDA:50,4,1,0
BRDA:55,5,0,0
BRDA:55,5,1,0
BRDA:56,6,0,0
BRDA:56,6,1,0
BRDA:61,7,0,0
BRDA:61,7,1,0
BRDA:61,8,0,0
BRDA:61,8,1,0
BRDA:61,8,2,0
BRDA:61,8,3,0
BRDA:90,9,0,0
BRDA:90,9,1,0
BRDA:104,10,0,0
BRDA:104,10,1,0
BRF:22
BRH:0
end_of_record
TN:
SF:src\components\Background.jsx
FN:3,(anonymous_0)
FN:12,(anonymous_1)
FN:16,(anonymous_2)
FN:21,(anonymous_3)
FN:40,(anonymous_4)
FN:50,(anonymous_5)
FN:53,(anonymous_6)
FN:56,(anonymous_7)
FN:59,(anonymous_8)
FNF:9
FNH:0
FNDA:0,(anonymous_0)
FNDA:0,(anonymous_1)
FNDA:0,(anonymous_2)
FNDA:0,(anonymous_3)
FNDA:0,(anonymous_4)
FNDA:0,(anonymous_5)
FNDA:0,(anonymous_6)
FNDA:0,(anonymous_7)
FNDA:0,(anonymous_8)
DA:3,0
DA:4,0
DA:5,0
DA:12,0
DA:13,0
DA:16,0
DA:17,0
DA:18,0
DA:19,0
DA:21,0
DA:22,0
DA:25,0
DA:26,0
DA:28,0
DA:29,0
DA:32,0
DA:33,0
DA:36,0
DA:39,0
DA:40,0
DA:41,0
DA:42,0
DA:46,0
DA:50,0
DA:53,0
DA:56,0
DA:59,0
LF:27
LH:0
BRF:0
BRH:0
end_of_record
TN:
SF:src\components\CardProject.jsx
FN:7,(anonymous_0)
FN:10,(anonymous_1)
FN:18,(anonymous_2)
FNF:3
FNH:0
FNDA:0,(anonymous_0)
FNDA:0,(anonymous_1)
FNDA:0,(anonymous_2)
DA:7,0
DA:8,0
DA:10,0
DA:11,0
DA:12,0
DA:13,0
DA:14,0
DA:18,0
DA:19,0
DA:20,0
DA:21,0
DA:22,0
DA:27,0
DA:95,0
LF:14
LH:0
BRDA:11,0,0,0
BRDA:11,0,1,0
BRDA:19,1,0,0
BRDA:19,1,1,0
BRDA:56,2,0,0
BRDA:56,2,1,0
BRDA:58,3,0,0
BRDA:58,3,1,0
BRDA:73,4,0,0
BRDA:73,4,1,0
BRF:10
BRH:0
end_of_record
TN:
SF:src\components\Certificate.jsx
FN:6,(anonymous_0)
FN:9,(anonymous_1)
FN:13,(anonymous_2)
FNF:3
FNH:0
FNDA:0,(anonymous_0)
FNDA:0,(anonymous_1)
FNDA:0,(anonymous_2)
DA:6,0
DA:7,0
DA:9,0
DA:10,0
DA:13,0
DA:14,0
DA:17,0
LF:7
LH:0
BRF:0
BRH:0
end_of_record
TN:
SF:src\components\Commentar.jsx
FN:11,(anonymous_0)
FN:70,(anonymous_1)
FN:80,(anonymous_2)
FN:100,(anonymous_3)
FN:105,(anonymous_4)
FN:113,(anonymous_5)
FN:135,(anonymous_6)
FN:173,(anonymous_7)
FN:195,(anonymous_8)
FN:234,(anonymous_9)
FN:241,(anonymous_10)
FN:253,(anonymous_11)
FN:254,(anonymous_12)
FN:279,(anonymous_13)
FN:280,(anonymous_14)
FN:307,(anonymous_15)
FN:313,(anonymous_16)
FN:318,(anonymous_17)
FN:340,(anonymous_18)
FN:370,(anonymous_19)
FN:438,(anonymous_20)
FNF:21
FNH:0
FNDA:0,(anonymous_0)
FNDA:0,(anonymous_1)
FNDA:0,(anonymous_2)
FNDA:0,(anonymous_3)
FNDA:0,(anonymous_4)
FNDA:0,(anonymous_5)
FNDA:0,(anonymous_6)
FNDA:0,(anonymous_7)
FNDA:0,(anonymous_8)
FNDA:0,(anonymous_9)
FNDA:0,(anonymous_10)
FNDA:0,(anonymous_11)
FNDA:0,(anonymous_12)
FNDA:0,(anonymous_13)
FNDA:0,(anonymous_14)
FNDA:0,(anonymous_15)
FNDA:0,(anonymous_16)
FNDA:0,(anonymous_17)
FNDA:0,(anonymous_18)
FNDA:0,(anonymous_19)
FNDA:0,(anonymous_20)
DA:11,0
DA:12,0
DA:70,0
DA:71,0
DA:72,0
DA:73,0
DA:74,0
DA:75,0
DA:76,0
DA:77,0
DA:78,0
DA:80,0
DA:81,0
DA:82,0
DA:84,0
DA:85,0
DA:87,0
DA:88,0
DA:92,0
DA:93,0
DA:94,0
DA:95,0
DA:98,0
DA:99,0
DA:100,0
DA:101,0
DA:105,0
DA:106,0
DA:107,0
DA:108,0
DA:109,0
DA:113,0
DA:114,0
DA:115,0
DA:117,0
DA:118,0
DA:119,0
DA:120,0
DA:121,0
DA:122,0
DA:123,0
DA:126,0
DA:135,0
DA:174,0
DA:175,0
DA:176,0
DA:195,0
DA:234,0
DA:235,0
DA:236,0
DA:237,0
DA:238,0
DA:239,0
DA:241,0
DA:243,0
DA:244,0
DA:253,0
DA:254,0
DA:255,0
DA:256,0
DA:262,0
DA:263,0
DA:264,0
DA:267,0
DA:268,0
DA:271,0
DA:275,0
DA:279,0
DA:280,0
DA:281,0
DA:287,0
DA:288,0
DA:289,0
DA:292,0
DA:295,0
DA:298,0
DA:308,0
DA:313,0
DA:314,0
DA:318,0
DA:319,0
DA:321,0
DA:322,0
DA:323,0
DA:325,0
DA:329,0
DA:330,0
DA:333,0
DA:337,0
DA:340,0
DA:341,0
DA:342,0
DA:344,0
DA:345,0
DA:347,0
DA:359,0
DA:360,0
DA:363,0
DA:364,0
DA:366,0
DA:370,0
DA:371,0
DA:372,0
DA:373,0
DA:374,0
DA:375,0
DA:376,0
DA:378,0
DA:379,0
DA:380,0
DA:381,0
DA:383,0
DA:384,0
DA:392,0
DA:394,0
DA:439,0
LF:116
LH:0
BRDA:11,0,0,0
BRDA:14,1,0,0
BRDA:14,1,1,0
BRDA:19,2,0,0
BRDA:19,2,1,0
BRDA:28,3,0,0
BRDA:28,3,1,0
BRDA:33,4,0,0
BRDA:33,4,1,0
BRDA:39,5,0,0
BRDA:39,5,1,0
BRDA:48,6,0,0
BRDA:48,6,1,0
BRDA:52,7,0,0
BRDA:52,7,1,0
BRDA:71,8,0,0
BRDA:71,8,1,0
BRDA:82,9,0,0
BRDA:82,9,1,0
BRDA:84,10,0,0
BRDA:84,10,1,0
BRDA:87,11,0,0
BRDA:87,11,1,0
BRDA:92,12,0,0
BRDA:92,12,1,0
BRDA:94,13,0,0
BRDA:94,13,1,0
BRDA:107,14,0,0
BRDA:107,14,1,0
BRDA:115,15,0,0
BRDA:115,15,1,0
BRDA:115,16,0,0
BRDA:115,16,1,0
BRDA:122,17,0,0
BRDA:122,17,1,0
BRDA:123,18,0,0
BRDA:123,18,1,0
BRDA:128,19,0,0
BRDA:128,19,1,0
BRDA:128,20,0,0
BRDA:128,20,1,0
BRDA:143,21,0,0
BRDA:143,21,1,0
BRDA:143,22,0,0
BRDA:143,22,1,0
BRDA:159,23,0,0
BRDA:159,23,1,0
BRDA:159,24,0,0
BRDA:159,24,1,0
BRDA:164,25,0,0
BRDA:164,25,1,0
BRDA:176,26,0,0
BRDA:176,26,1,0
BRDA:212,27,0,0
BRDA:212,27,1,0
BRDA:212,28,0,0
BRDA:212,28,1,0
BRDA:217,29,0,0
BRDA:217,29,1,0
BRDA:243,30,0,0
BRDA:243,30,1,0
BRDA:246,31,0,0
BRDA:246,31,1,0
BRDA:262,32,0,0
BRDA:262,32,1,0
BRDA:262,33,0,0
BRDA:262,33,1,0
BRDA:267,34,0,0
BRDA:267,34,1,0
BRDA:287,35,0,0
BRDA:287,35,1,0
BRDA:292,36,0,0
BRDA:292,36,1,0
BRDA:319,37,0,0
BRDA:319,37,1,0
BRDA:329,38,0,0
BRDA:329,38,1,0
BRDA:359,39,0,0
BRDA:359,39,1,0
BRDA:371,40,0,0
BRDA:371,40,1,0
BRDA:378,41,0,0
BRDA:378,41,1,0
BRDA:379,42,0,0
BRDA:379,42,1,0
BRDA:380,43,0,0
BRDA:380,43,1,0
BRDA:381,44,0,0
BRDA:381,44,1,0
BRDA:383,45,0,0
BRDA:383,45,1,0
BRDA:392,46,0,0
BRDA:392,46,1,0
BRDA:407,47,0,0
BRDA:407,47,1,0
BRDA:420,48,0,0
BRDA:420,48,1,0
BRDA:432,49,0,0
BRDA:432,49,1,0
BRDA:432,50,0,0
BRDA:432,50,1,0
BRDA:443,51,0,0
BRDA:443,51,1,0
BRF:103
BRH:0
end_of_record
TN:
SF:src\components\DeferMount.jsx
FN:4,DeferMount
FN:8,(anonymous_1)
FN:13,(anonymous_2)
FN:14,(anonymous_3)
FN:30,(anonymous_4)
FN:33,(anonymous_5)
FNF:6
FNH:0
FNDA:0,DeferMount
FNDA:0,(anonymous_1)
FNDA:0,(anonymous_2)
FNDA:0,(anonymous_3)
FNDA:0,(anonymous_4)
FNDA:0,(anonymous_5)
DA:5,0
DA:6,0
DA:8,0
DA:9,0
DA:13,0
DA:14,0
DA:15,0
DA:16,0
DA:21,0
DA:22,0
DA:23,0
DA:26,0
DA:29,0
DA:30,0
DA:33,0
DA:34,0
DA:35,0
DA:36,0
DA:40,0
DA:43,0
LF:20
LH:0
BRDA:4,0,0,0
BRDA:4,1,0,0
BRDA:9,2,0,0
BRDA:9,2,1,0
BRDA:15,3,0,0
BRDA:15,3,1,0
BRDA:21,4,0,0
BRDA:21,4,1,0
BRDA:23,5,0,0
BRDA:23,5,1,0
BRDA:29,6,0,0
BRDA:29,6,1,0
BRDA:29,7,0,0
BRDA:29,7,1,0
BRDA:34,8,0,0
BRDA:34,8,1,0
BRDA:34,9,0,0
BRDA:34,9,1,0
BRDA:35,10,0,0
BRDA:35,10,1,0
BRDA:36,11,0,0
BRDA:36,11,1,0
BRDA:40,12,0,0
BRDA:40,12,1,0
BRF:24
BRH:0
end_of_record
TN:
SF:src\components\ErrorBoundary.jsx
FN:5,(anonymous_0)
FN:10,(anonymous_1)
FN:14,(anonymous_2)
FN:18,(anonymous_3)
FN:30,(anonymous_4)
FNF:5
FNH:0
FNDA:0,(anonymous_0)
FNDA:0,(anonymous_1)
FNDA:0,(anonymous_2)
FNDA:0,(anonymous_3)
FNDA:0,(anonymous_4)
DA:6,0
DA:7,0
DA:11,0
DA:15,0
DA:19,0
DA:20,0
DA:30,0
DA:40,0
DA:44,0
LF:9
LH:0
BRDA:19,0,0,0
BRDA:19,0,1,0
BRF:2
BRH:0
end_of_record
TN:
SF:src\components\GallerySkeleton.jsx
FN:3,(anonymous_0)
FN:7,GallerySkeleton
FN:19,(anonymous_2)
FNF:3
FNH:0
FNDA:0,(anonymous_0)
FNDA:0,GallerySkeleton
FNDA:0,(anonymous_2)
DA:3,0
DA:4,0
DA:8,0
DA:20,0
LF:4
LH:0
BRDA:3,0,0,0
BRF:1
BRH:0
end_of_record
TN:
SF:src\components\I18nProvider.jsx
FN:11,(anonymous_0)
FN:12,(anonymous_1)
FN:15,I18nProvider
FN:16,(anonymous_3)
FN:24,(anonymous_4)
FN:29,(anonymous_5)
FN:32,(anonymous_6)
FN:49,(anonymous_7)
FN:52,(anonymous_8)
FN:71,useI18n
FNF:10
FNH:0
FNDA:0,(anonymous_0)
FNDA:0,(anonymous_1)
FNDA:0,I18nProvider
FNDA:0,(anonymous_3)
FNDA:0,(anonymous_4)
FNDA:0,(anonymous_5)
FNDA:0,(anonymous_6)
FNDA:0,(anonymous_7)
FNDA:0,(anonymous_8)
FNDA:0,useI18n
DA:7,0
DA:9,0
DA:11,0
DA:16,0
DA:17,0
DA:18,0
DA:20,0
DA:24,0
DA:25,0
DA:26,0
DA:29,0
DA:30,0
DA:31,0
DA:32,0
DA:33,0
DA:34,0
DA:35,0
DA:36,0
DA:38,0
DA:40,0
DA:41,0
DA:42,0
DA:44,0
DA:45,0
DA:49,0
DA:52,0
DA:53,0
DA:54,0
DA:55,0
DA:56,0
DA:57,0
DA:58,0
DA:64,0
DA:72,0
DA:75,0
LF:35
LH:0
BRDA:11,0,0,0
BRDA:11,0,1,0
BRDA:18,1,0,0
BRDA:18,1,1,0
BRDA:30,2,0,0
BRDA:30,2,1,0
BRDA:36,3,0,0
BRDA:36,3,1,0
BRDA:36,4,0,0
BRDA:36,4,1,0
BRDA:38,5,0,0
BRDA:38,5,1,0
BRDA:42,6,0,0
BRDA:42,6,1,0
BRDA:42,7,0,0
BRDA:42,7,1,0
BRDA:44,8,0,0
BRDA:44,8,1,0
BRDA:45,9,0,0
BRDA:45,9,1,0
BRDA:55,10,0,0
BRDA:55,10,1,0
BRDA:56,11,0,0
BRDA:56,11,1,0
BRDA:56,11,2,0
BRDA:57,12,0,0
BRDA:57,12,1,0
BRF:27
BRH:0
end_of_record
TN:
SF:src\components\InputField.jsx
FN:4,(anonymous_0)
FN:8,(anonymous_1)
FN:23,(anonymous_2)
FN:32,(anonymous_3)
FN:33,(anonymous_4)
FN:48,(anonymous_5)
FN:49,(anonymous_6)
FNF:7
FNH:0
FNDA:0,(anonymous_0)
FNDA:0,(anonymous_1)
FNDA:0,(anonymous_2)
FNDA:0,(anonymous_3)
FNDA:0,(anonymous_4)
FNDA:0,(anonymous_5)
FNDA:0,(anonymous_6)
DA:4,0
DA:5,0
DA:8,0
DA:9,0
DA:15,0
DA:19,0
DA:23,0
DA:24,0
DA:25,0
DA:32,0
DA:33,0
DA:40,0
DA:48,0
DA:49,0
DA:56,0
DA:89,0
LF:16
LH:0
BRDA:8,0,0,0
BRDA:15,1,0,0
BRDA:15,1,1,0
BRDA:19,2,0,0
BRDA:19,2,1,0
BRDA:24,3,0,0
BRDA:24,3,1,0
BRDA:43,4,0,0
BRDA:43,4,1,0
BRDA:82,5,0,0
BRDA:82,5,1,0
BRF:11
BRH:0
end_of_record
TN:
SF:src\components\Lanyard3D.jsx
FN:7,Card
FN:13,(anonymous_1)
FN:31,(anonymous_2)
FN:79,CardPlaceholder
FN:81,(anonymous_4)
FN:110,Lanyard3D
FN:111,(anonymous_6)
FNF:7
FNH:0
FNDA:0,Card
FNDA:0,(anonymous_1)
FNDA:0,(anonymous_2)
FNDA:0,CardPlaceholder
FNDA:0,(anonymous_4)
FNDA:0,Lanyard3D
FNDA:0,(anonymous_6)
DA:8,0
DA:10,0
DA:11,0
DA:13,0
DA:14,0
DA:15,0
DA:16,0
DA:17,0
DA:18,0
DA:19,0
DA:20,0
DA:22,0
DA:23,0
DA:24,0
DA:25,0
DA:26,0
DA:27,0
DA:28,0
DA:31,0
DA:32,0
DA:33,0
DA:34,0
DA:36,0
DA:80,0
DA:81,0
DA:82,0
DA:83,0
DA:84,0
DA:85,0
DA:88,0
DA:111,0
DA:112,0
DA:113,0
DA:117,0
DA:118,0
DA:121,0
LF:36
LH:0
BRDA:7,0,0,0
BRDA:7,1,0,0
BRDA:10,2,0,0
BRDA:10,2,1,0
BRDA:11,3,0,0
BRDA:11,3,1,0
BRDA:14,4,0,0
BRDA:14,4,1,0
BRDA:22,5,0,0
BRDA:22,5,1,0
BRDA:54,6,0,0
BRDA:54,6,1,0
BRDA:61,7,0,0
BRDA:61,7,1,0
BRDA:68,8,0,0
BRDA:68,8,1,0
BRDA:79,9,0,0
BRDA:83,10,0,0
BRDA:83,10,1,0
BRDA:110,11,0,0
BRDA:110,12,0,0
BRDA:112,13,0,0
BRDA:112,13,1,0
BRDA:117,14,0,0
BRDA:117,14,1,0
BRDA:125,15,0,0
BRDA:125,15,1,0
BRDA:136,16,0,0
BRDA:136,16,1,0
BRDA:143,17,0,0
BRDA:143,17,1,0
BRF:31
BRH:0
end_of_record
TN:
SF:src\components\LoadingScreen.jsx
FN:4,(anonymous_0)
FNF:1
FNH:0
FNDA:0,(anonymous_0)
DA:4,0
DA:5,0
LF:2
LH:0
BRF:0
BRH:0
end_of_record
TN:
SF:src\components\Modal.jsx
FN:5,(anonymous_0)
FN:12,(anonymous_1)
FN:21,(anonymous_2)
FN:25,(anonymous_3)
FN:29,(anonymous_4)
FN:46,(anonymous_5)
FNF:6
FNH:0
FNDA:0,(anonymous_0)
FNDA:0,(anonymous_1)
FNDA:0,(anonymous_2)
FNDA:0,(anonymous_3)
FNDA:0,(anonymous_4)
FNDA:0,(anonymous_5)
DA:5,0
DA:6,0
DA:8,0
DA:12,0
DA:21,0
DA:25,0
DA:29,0
DA:46,0
DA:58,0
LF:9
LH:0
BRDA:18,0,0,0
BRDA:18,0,1,0
BRF:2
BRH:0
end_of_record
TN:
SF:src\components\Navbar.jsx
FN:10,(anonymous_0)
FN:29,(anonymous_1)
FN:30,(anonymous_2)
FN:34,(anonymous_3)
FN:70,(anonymous_4)
FN:73,(anonymous_5)
FN:81,(anonymous_6)
FN:87,(anonymous_7)
FN:89,(anonymous_8)
FN:139,(anonymous_9)
FN:149,(anonymous_10)
FN:153,(anonymous_11)
FN:182,(anonymous_12)
FN:190,(anonymous_13)
FN:209,(anonymous_14)
FN:228,(anonymous_15)
FN:244,(anonymous_16)
FN:249,(anonymous_17)
FN:264,(anonymous_18)
FN:288,(anonymous_19)
FN:292,(anonymous_20)
FNF:21
FNH:0
FNDA:0,(anonymous_0)
FNDA:0,(anonymous_1)
FNDA:0,(anonymous_2)
FNDA:0,(anonymous_3)
FNDA:0,(anonymous_4)
FNDA:0,(anonymous_5)
FNDA:0,(anonymous_6)
FNDA:0,(anonymous_7)
FNDA:0,(anonymous_8)
FNDA:0,(anonymous_9)
FNDA:0,(anonymous_10)
FNDA:0,(anonymous_11)
FNDA:0,(anonymous_12)
FNDA:0,(anonymous_13)
FNDA:0,(anonymous_14)
FNDA:0,(anonymous_15)
FNDA:0,(anonymous_16)
FNDA:0,(anonymous_17)
FNDA:0,(anonymous_18)
FNDA:0,(anonymous_19)
FNDA:0,(anonymous_20)
DA:10,0
DA:11,0
DA:12,0
DA:13,0
DA:14,0
DA:15,0
DA:16,0
DA:17,0
DA:18,0
DA:19,0
DA:21,0
DA:29,0
DA:30,0
DA:31,0
DA:33,0
DA:34,0
DA:35,0
DA:36,0
DA:37,0
DA:38,0
DA:39,0
DA:40,0
DA:44,0
DA:45,0
DA:46,0
DA:47,0
DA:48,0
DA:49,0
DA:51,0
DA:52,0
DA:53,0
DA:57,0
DA:58,0
DA:59,0
DA:60,0
DA:61,0
DA:64,0
DA:68,0
DA:69,0
DA:70,0
DA:73,0
DA:74,0
DA:75,0
DA:77,0
DA:81,0
DA:82,0
DA:83,0
DA:85,0
DA:87,0
DA:88,0
DA:89,0
DA:90,0
DA:91,0
DA:92,0
DA:93,0
DA:94,0
DA:95,0
DA:97,0
DA:99,0
DA:102,0
DA:103,0
DA:104,0
DA:105,0
DA:106,0
DA:107,0
DA:108,0
DA:111,0
DA:112,0
DA:113,0
DA:115,0
DA:118,0
DA:120,0
DA:123,0
DA:139,0
DA:150,0
DA:153,0
DA:182,0
DA:190,0
DA:209,0
DA:228,0
DA:244,0
DA:249,0
DA:264,0
DA:289,0
DA:292,0
LF:85
LH:0
BRDA:33,0,0,0
BRDA:33,0,1,0
BRDA:36,1,0,0
BRDA:36,1,1,0
BRDA:45,2,0,0
BRDA:45,2,1,0
BRDA:47,3,0,0
BRDA:47,3,1,0
BRDA:51,4,0,0
BRDA:51,4,1,0
BRDA:57,5,0,0
BRDA:57,5,1,0
BRDA:60,6,0,0
BRDA:60,6,1,0
BRDA:60,7,0,0
BRDA:60,7,1,0
BRDA:60,7,2,0
BRDA:64,8,0,0
BRDA:64,8,1,0
BRDA:74,9,0,0
BRDA:74,9,1,0
BRDA:91,10,0,0
BRDA:91,10,1,0
BRDA:97,11,0,0
BRDA:97,11,1,0
BRDA:102,12,0,0
BRDA:102,12,1,0
BRDA:102,12,2,0
BRDA:104,13,0,0
BRDA:104,13,1,0
BRDA:105,14,0,0
BRDA:105,14,1,0
BRDA:126,15,0,0
BRDA:126,15,1,0
BRDA:128,16,0,0
BRDA:128,16,1,0
BRDA:158,17,0,0
BRDA:158,17,1,0
BRDA:165,18,0,0
BRDA:165,18,1,0
BRDA:172,19,0,0
BRDA:172,19,1,0
BRDA:182,20,0,0
BRDA:182,20,1,0
BRDA:186,21,0,0
BRDA:186,21,1,0
BRDA:193,22,0,0
BRDA:193,22,1,0
BRDA:197,23,0,0
BRDA:197,23,1,0
BRDA:198,24,0,0
BRDA:198,24,1,0
BRDA:202,25,0,0
BRDA:202,25,1,0
BRDA:204,26,0,0
BRDA:204,26,1,0
BRDA:205,27,0,0
BRDA:205,27,1,0
BRDA:206,28,0,0
BRDA:206,28,1,0
BRDA:212,29,0,0
BRDA:212,29,1,0
BRDA:217,30,0,0
BRDA:217,30,1,0
BRDA:220,31,0,0
BRDA:220,31,1,0
BRDA:231,32,0,0
BRDA:231,32,1,0
BRDA:234,33,0,0
BRDA:234,33,1,0
BRDA:235,34,0,0
BRDA:235,34,1,0
BRDA:237,35,0,0
BRDA:237,35,1,0
BRDA:239,36,0,0
BRDA:239,36,1,0
BRDA:240,37,0,0
BRDA:240,37,1,0
BRDA:241,38,0,0
BRDA:241,38,1,0
BRDA:249,39,0,0
BRDA:249,39,1,0
BRDA:253,40,0,0
BRDA:253,40,1,0
BRDA:258,41,0,0
BRDA:258,41,1,0
BRDA:261,42,0,0
BRDA:261,42,1,0
BRDA:266,43,0,0
BRDA:266,43,1,0
BRDA:269,44,0,0
BRDA:269,44,1,0
BRDA:282,45,0,0
BRDA:282,45,1,0
BRDA:294,46,0,0
BRDA:294,46,1,0
BRDA:300,47,0,0
BRDA:300,47,1,0
BRDA:301,48,0,0
BRDA:301,48,1,0
BRF:100
BRH:0
end_of_record
TN:
SF:src\components\Preconnect.jsx
FN:4,Preconnect
FN:5,(anonymous_1)
FN:10,(anonymous_2)
FNF:3
FNH:0
FNDA:0,Preconnect
FNDA:0,(anonymous_1)
FNDA:0,(anonymous_2)
DA:5,0
DA:6,0
DA:7,0
DA:8,0
DA:10,0
DA:11,0
DA:12,0
DA:13,0
DA:14,0
DA:15,0
DA:18,0
DA:19,0
DA:21,0
DA:25,0
LF:14
LH:0
BRDA:7,0,0,0
BRDA:7,0,1,0
BRDA:10,1,0,0
BRDA:14,2,0,0
BRDA:14,2,1,0
BRF:5
BRH:0
end_of_record
TN:
SF:src\components\PreloadAssets.jsx
FN:5,shouldPreload
FN:21,PreloadAssets
FN:22,(anonymous_2)
FN:37,(anonymous_3)
FN:42,(anonymous_4)
FN:61,(anonymous_5)
FN:74,(anonymous_6)
FNF:7
FNH:0
FNDA:0,shouldPreload
FNDA:0,PreloadAssets
FNDA:0,(anonymous_2)
FNDA:0,(anonymous_3)
FNDA:0,(anonymous_4)
FNDA:0,(anonymous_5)
FNDA:0,(anonymous_6)
DA:6,0
DA:7,0
DA:8,0
DA:9,0
DA:10,0
DA:11,0
DA:12,0
DA:13,0
DA:14,0
DA:15,0
DA:17,0
DA:22,0
DA:23,0
DA:24,0
DA:25,0
DA:26,0
DA:27,0
DA:28,0
DA:29,0
DA:30,0
DA:31,0
DA:32,0
DA:33,0
DA:37,0
DA:39,0
DA:40,0
DA:42,0
DA:43,0
DA:44,0
DA:49,0
DA:50,0
DA:53,0
DA:54,0
DA:55,0
DA:56,0
DA:57,0
DA:61,0
DA:62,0
DA:63,0
DA:64,0
DA:66,0
DA:67,0
DA:74,0
DA:75,0
DA:79,0
LF:45
LH:0
BRDA:8,0,0,0
BRDA:8,0,1,0
BRDA:8,0,2,0
BRDA:9,1,0,0
BRDA:9,1,1,0
BRDA:10,2,0,0
BRDA:10,2,1,0
BRDA:11,3,0,0
BRDA:11,3,1,0
BRDA:12,4,0,0
BRDA:12,4,1,0
BRDA:13,5,0,0
BRDA:13,5,1,0
BRDA:14,6,0,0
BRDA:14,6,1,0
BRDA:23,7,0,0
BRDA:23,7,1,0
BRDA:24,8,0,0
BRDA:24,8,1,0
BRDA:24,9,0,0
BRDA:24,9,1,0
BRDA:27,10,0,0
BRDA:27,10,1,0
BRDA:40,11,0,0
BRDA:40,11,1,0
BRDA:49,12,0,0
BRDA:49,12,1,0
BRDA:50,13,0,0
BRDA:50,13,1,0
BRDA:55,14,0,0
BRDA:55,14,1,0
BRDA:56,15,0,0
BRDA:56,15,1,0
BRDA:56,16,0,0
BRDA:56,16,1,0
BRDA:56,17,0,0
BRDA:56,17,1,0
BRDA:61,18,0,0
BRDA:61,18,1,0
BRDA:62,19,0,0
BRDA:62,19,1,0
BRF:41
BRH:0
end_of_record
TN:
SF:src\components\ProjectDetail.jsx
FN:22,(anonymous_0)
FN:38,(anonymous_1)
FN:52,(anonymous_2)
FN:83,(anonymous_3)
FN:99,(anonymous_4)
FN:105,(anonymous_5)
FN:108,(anonymous_6)
FN:149,(anonymous_7)
FN:200,(anonymous_8)
FN:215,(anonymous_9)
FN:233,(anonymous_10)
FN:246,(anonymous_11)
FNF:12
FNH:0
FNDA:0,(anonymous_0)
FNDA:0,(anonymous_1)
FNDA:0,(anonymous_2)
FNDA:0,(anonymous_3)
FNDA:0,(anonymous_4)
FNDA:0,(anonymous_5)
FNDA:0,(anonymous_6)
FNDA:0,(anonymous_7)
FNDA:0,(anonymous_8)
FNDA:0,(anonymous_9)
FNDA:0,(anonymous_10)
FNDA:0,(anonymous_11)
DA:11,0
DA:22,0
DA:23,0
DA:25,0
DA:38,0
DA:39,0
DA:52,0
DA:53,0
DA:54,0
DA:56,0
DA:83,0
DA:84,0
DA:85,0
DA:94,0
DA:96,0
DA:99,0
DA:100,0
DA:101,0
DA:102,0
DA:103,0
DA:105,0
DA:106,0
DA:107,0
DA:108,0
DA:110,0
DA:111,0
DA:117,0
DA:121,0
DA:122,0
DA:123,0
DA:133,0
DA:149,0
DA:200,0
DA:216,0
DA:233,0
DA:247,0
LF:36
LH:0
BRDA:23,0,0,0
BRDA:23,0,1,0
BRDA:53,1,0,0
BRDA:53,1,1,0
BRDA:54,2,0,0
BRDA:54,2,1,0
BRDA:84,3,0,0
BRDA:84,3,1,0
BRDA:87,4,0,0
BRDA:87,4,1,0
BRDA:88,5,0,0
BRDA:88,5,1,0
BRDA:89,6,0,0
BRDA:89,6,1,0
BRDA:107,7,0,0
BRDA:107,7,1,0
BRDA:110,8,0,0
BRDA:110,8,1,0
BRDA:113,9,0,0
BRDA:113,9,1,0
BRDA:114,10,0,0
BRDA:114,10,1,0
BRDA:115,11,0,0
BRDA:115,11,1,0
BRDA:122,12,0,0
BRDA:122,12,1,0
BRDA:200,13,0,0
BRDA:200,13,1,0
BRDA:213,14,0,0
BRDA:213,14,1,0
BRDA:244,15,0,0
BRDA:244,15,1,0
BRF:32
BRH:0
end_of_record
TN:
SF:src\components\SocialLinks.jsx
FN:58,(anonymous_0)
FN:101,(anonymous_1)
FN:105,(anonymous_2)
FN:106,(anonymous_3)
FN:109,(anonymous_4)
FN:138,(anonymous_5)
FN:202,(anonymous_6)
FN:208,(anonymous_7)
FN:270,(anonymous_8)
FN:276,(anonymous_9)
FNF:10
FNH:0
FNDA:0,(anonymous_0)
FNDA:0,(anonymous_1)
FNDA:0,(anonymous_2)
FNDA:0,(anonymous_3)
FNDA:0,(anonymous_4)
FNDA:0,(anonymous_5)
FNDA:0,(anonymous_6)
FNDA:0,(anonymous_7)
FNDA:0,(anonymous_8)
FNDA:0,(anonymous_9)
DA:15,0
DA:59,0
DA:101,0
DA:102,0
DA:103,0
DA:104,0
DA:105,0
DA:106,0
DA:107,0
DA:109,0
DA:110,0
DA:118,0
DA:139,0
DA:140,0
DA:141,0
DA:142,0
DA:203,0
DA:209,0
DA:210,0
DA:211,0
DA:212,0
DA:271,0
DA:277,0
DA:278,0
DA:279,0
DA:280,0
LF:26
LH:0
BRDA:104,0,0,0
BRDA:104,0,1,0
BRDA:112,1,0,0
BRDA:112,1,1,0
BRDA:125,2,0,0
BRDA:125,2,1,0
BRDA:133,3,0,0
BRDA:133,3,1,0
BRDA:136,4,0,0
BRDA:136,4,1,0
BRDA:137,5,0,0
BRDA:137,5,1,0
BRDA:139,6,0,0
BRDA:139,6,1,0
BRDA:148,7,0,0
BRDA:148,7,1,0
BRDA:149,8,0,0
BRDA:149,8,1,0
BRDA:206,9,0,0
BRDA:206,9,1,0
BRDA:207,10,0,0
BRDA:207,10,1,0
BRDA:209,11,0,0
BRDA:209,11,1,0
BRDA:218,12,0,0
BRDA:218,12,1,0
BRDA:219,13,0,0
BRDA:219,13,1,0
BRDA:244,14,0,0
BRDA:244,14,1,0
BRDA:245,15,0,0
BRDA:245,15,1,0
BRDA:245,16,0,0
BRDA:245,16,1,0
BRDA:246,17,0,0
BRDA:246,17,1,0
BRDA:247,18,0,0
BRDA:247,18,1,0
BRDA:274,19,0,0
BRDA:274,19,1,0
BRDA:275,20,0,0
BRDA:275,20,1,0
BRDA:277,21,0,0
BRDA:277,21,1,0
BRDA:286,22,0,0
BRDA:286,22,1,0
BRDA:287,23,0,0
BRDA:287,23,1,0
BRDA:312,24,0,0
BRDA:312,24,1,0
BRDA:313,25,0,0
BRDA:313,25,1,0
BRDA:313,26,0,0
BRDA:313,26,1,0
BRDA:314,27,0,0
BRDA:314,27,1,0
BRDA:315,28,0,0
BRDA:315,28,1,0
BRF:58
BRH:0
end_of_record
TN:
SF:src\components\TechStackIcon.jsx
FN:3,(anonymous_0)
FN:6,(anonymous_1)
FN:12,(anonymous_2)
FN:16,(anonymous_3)
FN:17,(anonymous_4)
FNF:5
FNH:0
FNDA:0,(anonymous_0)
FNDA:0,(anonymous_1)
FNDA:0,(anonymous_2)
FNDA:0,(anonymous_3)
FNDA:0,(anonymous_4)
DA:3,0
DA:5,0
DA:6,0
DA:7,0
DA:9,0
DA:10,0
DA:11,0
DA:12,0
DA:13,0
DA:15,0
DA:16,0
DA:17,0
DA:19,0
LF:13
LH:0
BRDA:9,0,0,0
BRDA:9,0,1,0
BRDA:11,1,0,0
BRDA:11,1,1,0
BRDA:12,2,0,0
BRDA:12,2,1,0
BRDA:17,3,0,0
BRDA:17,3,1,0
BRF:8
BRH:0
end_of_record
TN:
SF:src\components\ThemeProvider.jsx
FN:4,(anonymous_0)
FN:6,(anonymous_1)
FN:7,(anonymous_2)
FN:13,(anonymous_3)
FN:26,(anonymous_4)
FN:32,(anonymous_5)
FN:36,(anonymous_6)
FN:42,(anonymous_7)
FN:44,(anonymous_8)
FN:47,(anonymous_9)
FN:47,(anonymous_10)
FN:58,(anonymous_11)
FNF:12
FNH:0
FNDA:0,(anonymous_0)
FNDA:0,(anonymous_1)
FNDA:0,(anonymous_2)
FNDA:0,(anonymous_3)
FNDA:0,(anonymous_4)
FNDA:0,(anonymous_5)
FNDA:0,(anonymous_6)
FNDA:0,(anonymous_7)
FNDA:0,(anonymous_8)
FNDA:0,(anonymous_9)
FNDA:0,(anonymous_10)
FNDA:0,(anonymous_11)
DA:4,0
DA:6,0
DA:7,0
DA:8,0
DA:9,0
DA:11,0
DA:13,0
DA:14,0
DA:15,0
DA:16,0
DA:18,0
DA:20,0
DA:24,0
DA:26,0
DA:27,0
DA:32,0
DA:33,0
DA:34,0
DA:35,0
DA:36,0
DA:37,0
DA:38,0
DA:42,0
DA:43,0
DA:44,0
DA:47,0
DA:48,0
DA:51,0
DA:58,0
LF:29
LH:0
BRDA:9,0,0,0
BRDA:9,0,1,0
BRDA:15,1,0,0
BRDA:15,1,1,0
BRDA:35,2,0,0
BRDA:35,2,1,0
BRDA:44,3,0,0
BRDA:44,3,1,0
BRDA:48,4,0,0
BRDA:48,4,1,0
BRF:10
BRH:0
end_of_record
TN:
SF:src\components\TransText.jsx
FN:6,useMedia
FN:7,(anonymous_1)
FN:11,(anonymous_2)
FN:14,(anonymous_3)
FN:17,(anonymous_4)
FN:25,TransText
FN:35,(anonymous_6)
FN:36,(anonymous_7)
FN:45,(anonymous_8)
FN:60,(anonymous_9)
FN:93,(anonymous_10)
FNF:11
FNH:0
FNDA:0,useMedia
FNDA:0,(anonymous_1)
FNDA:0,(anonymous_2)
FNDA:0,(anonymous_3)
FNDA:0,(anonymous_4)
FNDA:0,TransText
FNDA:0,(anonymous_6)
FNDA:0,(anonymous_7)
FNDA:0,(anonymous_8)
FNDA:0,(anonymous_9)
FNDA:0,(anonymous_10)
DA:7,0
DA:8,0
DA:9,0
DA:11,0
DA:12,0
DA:13,0
DA:14,0
DA:15,0
DA:16,0
DA:17,0
DA:18,0
DA:19,0
DA:22,0
DA:26,0
DA:27,0
DA:28,0
DA:30,0
DA:31,0
DA:33,0
DA:35,0
DA:36,0
DA:39,0
DA:44,0
DA:45,0
DA:60,0
DA:71,0
DA:79,0
DA:80,0
DA:89,0
DA:94,0
DA:95,0
DA:112,0
LF:32
LH:0
BRDA:6,0,0,0
BRDA:8,1,0,0
BRDA:8,1,1,0
BRDA:8,2,0,0
BRDA:8,2,1,0
BRDA:12,3,0,0
BRDA:12,3,1,0
BRDA:12,4,0,0
BRDA:12,4,1,0
BRDA:15,5,0,0
BRDA:15,5,1,0
BRDA:18,6,0,0
BRDA:18,6,1,0
BRDA:25,7,0,0
BRDA:25,8,0,0
BRDA:30,9,0,0
BRDA:30,9,1,0
BRDA:30,10,0,0
BRDA:30,10,1,0
BRDA:31,11,0,0
BRDA:31,11,1,0
BRDA:33,12,0,0
BRDA:33,12,1,0
BRDA:33,12,2,0
BRDA:35,13,0,0
BRDA:35,13,1,0
BRDA:36,14,0,0
BRDA:36,14,1,0
BRDA:36,15,0,0
BRDA:36,15,1,0
BRDA:48,16,0,0
BRDA:48,16,1,0
BRDA:49,17,0,0
BRDA:49,17,1,0
BRDA:63,18,0,0
BRDA:63,18,1,0
BRDA:64,19,0,0
BRDA:64,19,1,0
BRDA:79,20,0,0
BRDA:79,20,1,0
BRDA:79,21,0,0
BRDA:79,21,1,0
BRDA:94,22,0,0
BRDA:94,22,1,0
BRF:44
BRH:0
end_of_record
TN:
SF:src\constants\index.js
FNF:0
FNH:0
DA:4,0
DA:5,0
DA:6,0
DA:9,0
DA:12,0
DA:19,0
DA:26,0
LF:7
LH:0
BRF:0
BRH:0
end_of_record
TN:
SF:src\utils\test-utils.js
FN:8,renderWithProviders
FN:9,(anonymous_1)
FN:42,(anonymous_2)
FN:42,(anonymous_3)
FNF:4
FNH:0
FNDA:0,renderWithProviders
FNDA:0,(anonymous_1)
FNDA:0,(anonymous_2)
FNDA:0,(anonymous_3)
DA:9,0
DA:10,0
DA:21,0
DA:25,0
DA:34,0
DA:42,0
LF:6
LH:0
BRDA:8,0,0,0
BRF:1
BRH:0
end_of_record
